Using pre-set license
Built from '2020.2/release' branch; Version is '2020.2.1f1 (270dd8c3da1c) revision 2559448'; Using compiler version '192528614'; Build Type 'Release'
OS: 'Windows 10  (10.0.0) 64bit' Language: 'en' Physical Memory: 16318 MB
BatchMode: 1, IsHumanControllingUs: 0, StartBugReporterOnCrash: 0, Is64bit: 1, IsPro: 0

 COMMAND LINE ARGUMENTS:
C:\Program Files\Unity\Hub\Editor\2020.2.1f1\Editor\Unity.exe
-adb2
-batchMode
-noUpm
-name
AssetImportWorker0
-projectPath
K:/FORR2GL-21V
-logFile
Logs/AssetImportWorker0.log
-srvPort
60371
Successfully changed project path to: K:/FORR2GL-21V
K:/FORR2GL-21V
Using Asset Import Pipeline V2.
Refreshing native plugins compatible for Editor in 86.94 ms, found 0 plugins.
Preloading 0 native plugins for Editor in 0.00 ms.
Initialize engine version: 2020.2.1f1 (270dd8c3da1c)
[Subsystems] Discovering subsystems at path C:/Program Files/Unity/Hub/Editor/2020.2.1f1/Editor/Data/Resources/UnitySubsystems
[Subsystems] Discovering subsystems at path K:/FORR2GL-21V/Assets
GfxDevice: creating device client; threaded=0
Direct3D:
    Version:  Direct3D 11.0 [level 11.1]
    Renderer: NVIDIA GeForce GTX 1070 Ti (ID=0x1b82)
    Vendor:   
    VRAM:     8079 MB
    Driver:   27.21.14.6611
Initialize mono
Mono path[0] = 'C:/Program Files/Unity/Hub/Editor/2020.2.1f1/Editor/Data/Managed'
Mono path[1] = 'C:/Program Files/Unity/Hub/Editor/2020.2.1f1/Editor/Data/MonoBleedingEdge/lib/mono/unityjit'
Mono config path = 'C:/Program Files/Unity/Hub/Editor/2020.2.1f1/Editor/Data/MonoBleedingEdge/etc'
Using monoOptions --debugger-agent=transport=dt_socket,embedding=1,server=y,suspend=n,address=127.0.0.1:56148
Begin MonoManager ReloadAssembly
Registering precompiled unity dll's ...
Register platform support module: C:/Program Files/Unity/Hub/Editor/2020.2.1f1/Editor/Data/PlaybackEngines/MacStandaloneSupport/UnityEditor.OSXStandalone.Extensions.dll
Register platform support module: C:/Program Files/Unity/Hub/Editor/2020.2.1f1/Editor/Data/PlaybackEngines/WindowsStandaloneSupport/UnityEditor.WindowsStandalone.Extensions.dll
Register platform support module: C:/Program Files/Unity/Hub/Editor/2020.2.1f1/Editor/Data/PlaybackEngines/LinuxStandaloneSupport/UnityEditor.LinuxStandalone.Extensions.dll
Registered in 0.002771 seconds.
Native extension for LinuxStandalone target not found
Native extension for WindowsStandalone target not found
Native extension for OSXStandalone target not found
Refreshing native plugins compatible for Editor in 80.13 ms, found 0 plugins.
Preloading 0 native plugins for Editor in 0.00 ms.
Invoked RoslynAnalysisRunner static constructor.
RoslynAnalysisRunner will not be running.
RoslynAnalysisRunner has terminated.
Mono: successfully reloaded assembly
- Completed reload, in  1.134 seconds
Platform modules already initialized, skipping
Registering precompiled user dll's ...
Registered in 0.001176 seconds.
Begin MonoManager ReloadAssembly
Native extension for LinuxStandalone target not found
Native extension for WindowsStandalone target not found
Native extension for OSXStandalone target not found
Refreshing native plugins compatible for Editor in 94.82 ms, found 0 plugins.
Preloading 0 native plugins for Editor in 0.00 ms.
Invoked RoslynAnalysisRunner static constructor.
RoslynAnalysisRunner will not be running.
RoslynAnalysisRunner has terminated.
Mono: successfully reloaded assembly
- Completed reload, in  1.442 seconds
Platform modules already initialized, skipping
========================================================================
Worker process is ready to serve import requests
Launched and connected shader compiler UnityShaderCompiler.exe after 0.04 seconds
Refreshing native plugins compatible for Editor in 0.96 ms, found 0 plugins.
Preloading 0 native plugins for Editor in 0.00 ms.
Unloading 4139 Unused Serialized files (Serialized files now loaded: 0)
System memory in use before: 201.3 MB.
System memory in use after: 197.3 MB.

Unloading 50 unused Assets to reduce memory usage. Loaded Objects now: 4564.
Total: 8.157500 ms (FindLiveObjects: 1.664500 ms CreateObjectMapping: 0.744200 ms MarkObjects: 2.852200 ms  DeleteObjects: 2.893400 ms)

========================================================================
Received Import Request.
  path: Assets/verk3/Scenes/gameplay.unity
  artifactKey: Guid(fef91df2c054de044ab69a064d93bc9c) Importer(815301076,1909f56bfc062723c751e8b465ee728b)
Start importing Assets/verk3/Scenes/gameplay.unity using Guid(fef91df2c054de044ab69a064d93bc9c) Importer(815301076,1909f56bfc062723c751e8b465ee728b)  -> (artifact id: '9a29ca949d70f95c811a89cb8c95379d') in 0.015752 seconds
  Import took 0.114262 seconds .

========================================================================
Received Prepare
Registering precompiled user dll's ...
Registered in 0.001725 seconds.
Begin MonoManager ReloadAssembly
Native extension for LinuxStandalone target not found
Native extension for WindowsStandalone target not found
Native extension for OSXStandalone target not found
Refreshing native plugins compatible for Editor in 0.68 ms, found 0 plugins.
Preloading 0 native plugins for Editor in 0.00 ms.
Invoked RoslynAnalysisRunner static constructor.
RoslynAnalysisRunner will not be running.
RoslynAnalysisRunner has terminated.
Mono: successfully reloaded assembly
- Completed reload, in  1.117 seconds
Platform modules already initialized, skipping
Refreshing native plugins compatible for Editor in 0.87 ms, found 0 plugins.
Preloading 0 native plugins for Editor in 0.00 ms.
Unloading 3874 Unused Serialized files (Serialized files now loaded: 0)
System memory in use before: 190.4 MB.
System memory in use after: 186.4 MB.

Unloading 43 unused Assets to reduce memory usage. Loaded Objects now: 4566.
Total: 6.368100 ms (FindLiveObjects: 0.539700 ms CreateObjectMapping: 0.274700 ms MarkObjects: 2.627600 ms  DeleteObjects: 2.924600 ms)

========================================================================
Received Prepare
Registering precompiled user dll's ...
Registered in 0.001732 seconds.
Begin MonoManager ReloadAssembly
Native extension for LinuxStandalone target not found
Native extension for WindowsStandalone target not found
Native extension for OSXStandalone target not found
Refreshing native plugins compatible for Editor in 0.76 ms, found 0 plugins.
Preloading 0 native plugins for Editor in 0.00 ms.
Invoked RoslynAnalysisRunner static constructor.
RoslynAnalysisRunner will not be running.
RoslynAnalysisRunner has terminated.
Mono: successfully reloaded assembly
- Completed reload, in  1.131 seconds
Platform modules already initialized, skipping
Refreshing native plugins compatible for Editor in 0.75 ms, found 0 plugins.
Preloading 0 native plugins for Editor in 0.00 ms.
Unloading 3874 Unused Serialized files (Serialized files now loaded: 0)
System memory in use before: 190.4 MB.
System memory in use after: 186.5 MB.

Unloading 43 unused Assets to reduce memory usage. Loaded Objects now: 4568.
Total: 6.214300 ms (FindLiveObjects: 0.539000 ms CreateObjectMapping: 0.306100 ms MarkObjects: 2.102600 ms  DeleteObjects: 3.265000 ms)

========================================================================
Received Import Request.
  Time since last request: 560.133790 seconds.
  path: Assets/verk3/Prefabs/generic-enemy.prefab
  artifactKey: Guid(c7846085bbbd19c43a8bf7e7464b896e) Importer(815301076,1909f56bfc062723c751e8b465ee728b)
Start importing Assets/verk3/Prefabs/generic-enemy.prefab using Guid(c7846085bbbd19c43a8bf7e7464b896e) Importer(815301076,1909f56bfc062723c751e8b465ee728b)  -> (artifact id: '7abf34bb579b83af32e755d759bca739') in 0.732622 seconds
  Import took 0.767148 seconds .

========================================================================
Received Prepare
Registering precompiled user dll's ...
Registered in 0.001313 seconds.
Begin MonoManager ReloadAssembly
Native extension for LinuxStandalone target not found
Native extension for WindowsStandalone target not found
Native extension for OSXStandalone target not found
Refreshing native plugins compatible for Editor in 0.83 ms, found 0 plugins.
Preloading 0 native plugins for Editor in 0.00 ms.
Invoked RoslynAnalysisRunner static constructor.
RoslynAnalysisRunner will not be running.
RoslynAnalysisRunner has terminated.
Mono: successfully reloaded assembly
- Completed reload, in  1.330 seconds
Platform modules already initialized, skipping
Refreshing native plugins compatible for Editor in 0.72 ms, found 0 plugins.
Preloading 0 native plugins for Editor in 0.00 ms.
Unloading 3887 Unused Serialized files (Serialized files now loaded: 0)
System memory in use before: 202.3 MB.
System memory in use after: 198.5 MB.

Unloading 41 unused Assets to reduce memory usage. Loaded Objects now: 4711.
Total: 6.350800 ms (FindLiveObjects: 0.486600 ms CreateObjectMapping: 0.286600 ms MarkObjects: 2.734600 ms  DeleteObjects: 2.841000 ms)

========================================================================
Received Prepare
Registering precompiled user dll's ...
Registered in 0.001343 seconds.
Begin MonoManager ReloadAssembly
Native extension for LinuxStandalone target not found
Native extension for WindowsStandalone target not found
Native extension for OSXStandalone target not found
Refreshing native plugins compatible for Editor in 1.23 ms, found 0 plugins.
Preloading 0 native plugins for Editor in 0.00 ms.
Invoked RoslynAnalysisRunner static constructor.
RoslynAnalysisRunner will not be running.
RoslynAnalysisRunner has terminated.
Mono: successfully reloaded assembly
- Completed reload, in  1.185 seconds
Platform modules already initialized, skipping
Refreshing native plugins compatible for Editor in 1.00 ms, found 0 plugins.
Preloading 0 native plugins for Editor in 0.00 ms.
Unloading 3872 Unused Serialized files (Serialized files now loaded: 0)
System memory in use before: 201.7 MB.
System memory in use after: 197.9 MB.

Unloading 41 unused Assets to reduce memory usage. Loaded Objects now: 4713.
Total: 6.554000 ms (FindLiveObjects: 0.573600 ms CreateObjectMapping: 0.437200 ms MarkObjects: 2.296700 ms  DeleteObjects: 3.244300 ms)

========================================================================
Received Prepare
Registering precompiled user dll's ...
Registered in 0.001328 seconds.
Begin MonoManager ReloadAssembly
Native extension for LinuxStandalone target not found
Native extension for WindowsStandalone target not found
Native extension for OSXStandalone target not found
Refreshing native plugins compatible for Editor in 0.70 ms, found 0 plugins.
Preloading 0 native plugins for Editor in 0.00 ms.
Invoked RoslynAnalysisRunner static constructor.
RoslynAnalysisRunner will not be running.
RoslynAnalysisRunner has terminated.
Mono: successfully reloaded assembly
- Completed reload, in  1.257 seconds
Platform modules already initialized, skipping
Refreshing native plugins compatible for Editor in 1.40 ms, found 0 plugins.
Preloading 0 native plugins for Editor in 0.00 ms.
Unloading 3872 Unused Serialized files (Serialized files now loaded: 0)
System memory in use before: 201.8 MB.
System memory in use after: 198.0 MB.

Unloading 41 unused Assets to reduce memory usage. Loaded Objects now: 4715.
Total: 6.701800 ms (FindLiveObjects: 0.509500 ms CreateObjectMapping: 0.253300 ms MarkObjects: 2.371700 ms  DeleteObjects: 3.566200 ms)

========================================================================
Received Prepare
Registering precompiled user dll's ...
Registered in 0.002018 seconds.
Begin MonoManager ReloadAssembly
Native extension for LinuxStandalone target not found
Native extension for WindowsStandalone target not found
Native extension for OSXStandalone target not found
Refreshing native plugins compatible for Editor in 0.71 ms, found 0 plugins.
Preloading 0 native plugins for Editor in 0.00 ms.
Invoked RoslynAnalysisRunner static constructor.
RoslynAnalysisRunner will not be running.
RoslynAnalysisRunner has terminated.
Mono: successfully reloaded assembly
- Completed reload, in  1.140 seconds
Platform modules already initialized, skipping
Refreshing native plugins compatible for Editor in 0.83 ms, found 0 plugins.
Preloading 0 native plugins for Editor in 0.00 ms.
Unloading 3872 Unused Serialized files (Serialized files now loaded: 0)
System memory in use before: 201.8 MB.
System memory in use after: 198.0 MB.

Unloading 41 unused Assets to reduce memory usage. Loaded Objects now: 4717.
Total: 7.055200 ms (FindLiveObjects: 0.640500 ms CreateObjectMapping: 0.295900 ms MarkObjects: 2.750000 ms  DeleteObjects: 3.367200 ms)

========================================================================
Received Prepare
Registering precompiled user dll's ...
Registered in 0.001300 seconds.
Begin MonoManager ReloadAssembly
Native extension for LinuxStandalone target not found
Native extension for WindowsStandalone target not found
Native extension for OSXStandalone target not found
Refreshing native plugins compatible for Editor in 0.68 ms, found 0 plugins.
Preloading 0 native plugins for Editor in 0.00 ms.
Invoked RoslynAnalysisRunner static constructor.
RoslynAnalysisRunner will not be running.
RoslynAnalysisRunner has terminated.
Mono: successfully reloaded assembly
- Completed reload, in  1.174 seconds
Platform modules already initialized, skipping
Refreshing native plugins compatible for Editor in 0.94 ms, found 0 plugins.
Preloading 0 native plugins for Editor in 0.00 ms.
Unloading 3872 Unused Serialized files (Serialized files now loaded: 0)
System memory in use before: 201.8 MB.
System memory in use after: 198.0 MB.

Unloading 41 unused Assets to reduce memory usage. Loaded Objects now: 4719.
Total: 8.337000 ms (FindLiveObjects: 1.632000 ms CreateObjectMapping: 0.371800 ms MarkObjects: 2.605800 ms  DeleteObjects: 3.725100 ms)

========================================================================
Received Prepare
Registering precompiled user dll's ...
Registered in 0.001339 seconds.
Begin MonoManager ReloadAssembly
Native extension for LinuxStandalone target not found
Native extension for WindowsStandalone target not found
Native extension for OSXStandalone target not found
Refreshing native plugins compatible for Editor in 0.68 ms, found 0 plugins.
Preloading 0 native plugins for Editor in 0.00 ms.
Invoked RoslynAnalysisRunner static constructor.
RoslynAnalysisRunner will not be running.
RoslynAnalysisRunner has terminated.
Mono: successfully reloaded assembly
- Completed reload, in  1.205 seconds
Platform modules already initialized, skipping
Refreshing native plugins compatible for Editor in 0.93 ms, found 0 plugins.
Preloading 0 native plugins for Editor in 0.00 ms.
Unloading 3872 Unused Serialized files (Serialized files now loaded: 0)
System memory in use before: 201.9 MB.
System memory in use after: 198.1 MB.

Unloading 41 unused Assets to reduce memory usage. Loaded Objects now: 4721.
Total: 7.635300 ms (FindLiveObjects: 0.584800 ms CreateObjectMapping: 0.335600 ms MarkObjects: 3.398200 ms  DeleteObjects: 3.303200 ms)

========================================================================
Received Prepare
Registering precompiled user dll's ...
Registered in 0.001319 seconds.
Begin MonoManager ReloadAssembly
Native extension for LinuxStandalone target not found
Native extension for WindowsStandalone target not found
Native extension for OSXStandalone target not found
Refreshing native plugins compatible for Editor in 1.63 ms, found 0 plugins.
Preloading 0 native plugins for Editor in 0.00 ms.
Invoked RoslynAnalysisRunner static constructor.
RoslynAnalysisRunner will not be running.
RoslynAnalysisRunner has terminated.
Mono: successfully reloaded assembly
- Completed reload, in  1.553 seconds
Platform modules already initialized, skipping
Refreshing native plugins compatible for Editor in 0.79 ms, found 0 plugins.
Preloading 0 native plugins for Editor in 0.00 ms.
Unloading 3872 Unused Serialized files (Serialized files now loaded: 0)
System memory in use before: 201.8 MB.
System memory in use after: 198.0 MB.

Unloading 41 unused Assets to reduce memory usage. Loaded Objects now: 4723.
Total: 9.261700 ms (FindLiveObjects: 0.644900 ms CreateObjectMapping: 0.349800 ms MarkObjects: 4.431200 ms  DeleteObjects: 3.833300 ms)

========================================================================
Received Prepare
Refreshing native plugins compatible for Editor in 1.24 ms, found 0 plugins.
Preloading 0 native plugins for Editor in 0.00 ms.
Unloading 39 Unused Serialized files (Serialized files now loaded: 0)
System memory in use before: 126.3 MB.
System memory in use after: 122.5 MB.

Unloading 39 unused Assets to reduce memory usage. Loaded Objects now: 4723.
Total: 8.315700 ms (FindLiveObjects: 0.620700 ms CreateObjectMapping: 0.323600 ms MarkObjects: 3.519200 ms  DeleteObjects: 3.850700 ms)

========================================================================
Received Prepare
Refreshing native plugins compatible for Editor in 1.43 ms, found 0 plugins.
Preloading 0 native plugins for Editor in 0.00 ms.
Unloading 39 Unused Serialized files (Serialized files now loaded: 0)
System memory in use before: 126.2 MB.
System memory in use after: 122.5 MB.

Unloading 39 unused Assets to reduce memory usage. Loaded Objects now: 4723.
Total: 6.669200 ms (FindLiveObjects: 0.484600 ms CreateObjectMapping: 0.284900 ms MarkObjects: 2.537800 ms  DeleteObjects: 3.360300 ms)

========================================================================
Received Prepare
Refreshing native plugins compatible for Editor in 1.28 ms, found 0 plugins.
Preloading 0 native plugins for Editor in 0.00 ms.
Unloading 39 Unused Serialized files (Serialized files now loaded: 0)
System memory in use before: 126.3 MB.
System memory in use after: 122.5 MB.

Unloading 39 unused Assets to reduce memory usage. Loaded Objects now: 4723.
Total: 8.226700 ms (FindLiveObjects: 0.580300 ms CreateObjectMapping: 0.298200 ms MarkObjects: 3.326600 ms  DeleteObjects: 4.020200 ms)

========================================================================
Received Prepare
Registering precompiled user dll's ...
Registered in 0.001933 seconds.
Begin MonoManager ReloadAssembly
Native extension for LinuxStandalone target not found
Native extension for WindowsStandalone target not found
Native extension for OSXStandalone target not found
Refreshing native plugins compatible for Editor in 0.97 ms, found 0 plugins.
Preloading 0 native plugins for Editor in 0.00 ms.
Invoked RoslynAnalysisRunner static constructor.
RoslynAnalysisRunner will not be running.
RoslynAnalysisRunner has terminated.
Mono: successfully reloaded assembly
- Completed reload, in  1.154 seconds
Platform modules already initialized, skipping
Refreshing native plugins compatible for Editor in 0.87 ms, found 0 plugins.
Preloading 0 native plugins for Editor in 0.00 ms.
Unloading 3872 Unused Serialized files (Serialized files now loaded: 0)
System memory in use before: 201.8 MB.
System memory in use after: 198.0 MB.

Unloading 41 unused Assets to reduce memory usage. Loaded Objects now: 4725.
Total: 7.153500 ms (FindLiveObjects: 0.453100 ms CreateObjectMapping: 0.253500 ms MarkObjects: 2.826600 ms  DeleteObjects: 3.619100 ms)

========================================================================
Received Import Request.
  Time since last request: 1203.500884 seconds.
  path: Assets/verk3/Scenes/levels/world.unity
  artifactKey: Guid(f33883a8e9454d943b678134007c81b8) Importer(815301076,1909f56bfc062723c751e8b465ee728b)
Start importing Assets/verk3/Scenes/levels/world.unity using Guid(f33883a8e9454d943b678134007c81b8) Importer(815301076,1909f56bfc062723c751e8b465ee728b)  -> (artifact id: 'bed5e3cfdeeffcb30ce8ed9bda6209a8') in 0.017342 seconds
  Import took 0.505172 seconds .

========================================================================
Received Prepare
Registering precompiled user dll's ...
Registered in 0.001338 seconds.
Begin MonoManager ReloadAssembly
Native extension for LinuxStandalone target not found
Native extension for WindowsStandalone target not found
Native extension for OSXStandalone target not found
Refreshing native plugins compatible for Editor in 0.75 ms, found 0 plugins.
Preloading 0 native plugins for Editor in 0.00 ms.
Invoked RoslynAnalysisRunner static constructor.
RoslynAnalysisRunner will not be running.
RoslynAnalysisRunner has terminated.
Mono: successfully reloaded assembly
- Completed reload, in  1.216 seconds
Platform modules already initialized, skipping
Refreshing native plugins compatible for Editor in 0.88 ms, found 0 plugins.
Preloading 0 native plugins for Editor in 0.00 ms.
Unloading 3872 Unused Serialized files (Serialized files now loaded: 0)
System memory in use before: 201.8 MB.
System memory in use after: 198.0 MB.

Unloading 41 unused Assets to reduce memory usage. Loaded Objects now: 4727.
Total: 7.107900 ms (FindLiveObjects: 0.614000 ms CreateObjectMapping: 0.314500 ms MarkObjects: 2.588600 ms  DeleteObjects: 3.584400 ms)

========================================================================
Received Prepare
Refreshing native plugins compatible for Editor in 1.26 ms, found 0 plugins.
Preloading 0 native plugins for Editor in 0.00 ms.
Unloading 39 Unused Serialized files (Serialized files now loaded: 0)
System memory in use before: 126.3 MB.
System memory in use after: 122.5 MB.

Unloading 39 unused Assets to reduce memory usage. Loaded Objects now: 4727.
Total: 6.287700 ms (FindLiveObjects: 0.439800 ms CreateObjectMapping: 0.225400 ms MarkObjects: 2.355300 ms  DeleteObjects: 3.266200 ms)

========================================================================
Received Prepare
Registering precompiled user dll's ...
Registered in 0.001502 seconds.
Begin MonoManager ReloadAssembly
Native extension for LinuxStandalone target not found
Native extension for WindowsStandalone target not found
Native extension for OSXStandalone target not found
Refreshing native plugins compatible for Editor in 0.69 ms, found 0 plugins.
Preloading 0 native plugins for Editor in 0.00 ms.
Invoked RoslynAnalysisRunner static constructor.
RoslynAnalysisRunner will not be running.
RoslynAnalysisRunner has terminated.
Mono: successfully reloaded assembly
- Completed reload, in  1.180 seconds
Platform modules already initialized, skipping
Refreshing native plugins compatible for Editor in 0.80 ms, found 0 plugins.
Preloading 0 native plugins for Editor in 0.00 ms.
Unloading 3872 Unused Serialized files (Serialized files now loaded: 0)
System memory in use before: 201.9 MB.
System memory in use after: 198.0 MB.

Unloading 41 unused Assets to reduce memory usage. Loaded Objects now: 4729.
Total: 10.029700 ms (FindLiveObjects: 1.639500 ms CreateObjectMapping: 1.021100 ms MarkObjects: 3.619200 ms  DeleteObjects: 3.747700 ms)

========================================================================
Received Prepare
Refreshing native plugins compatible for Editor in 1.36 ms, found 0 plugins.
Preloading 0 native plugins for Editor in 0.00 ms.
Unloading 39 Unused Serialized files (Serialized files now loaded: 0)
System memory in use before: 126.3 MB.
System memory in use after: 122.5 MB.

Unloading 39 unused Assets to reduce memory usage. Loaded Objects now: 4729.
Total: 6.621100 ms (FindLiveObjects: 0.512600 ms CreateObjectMapping: 0.247500 ms MarkObjects: 2.175600 ms  DeleteObjects: 3.683000 ms)

========================================================================
Received Prepare
Registering precompiled user dll's ...
Registered in 0.001841 seconds.
Begin MonoManager ReloadAssembly
Native extension for LinuxStandalone target not found
Native extension for WindowsStandalone target not found
Native extension for OSXStandalone target not found
Refreshing native plugins compatible for Editor in 0.70 ms, found 0 plugins.
Preloading 0 native plugins for Editor in 0.00 ms.
Invoked RoslynAnalysisRunner static constructor.
RoslynAnalysisRunner will not be running.
RoslynAnalysisRunner has terminated.
Mono: successfully reloaded assembly
- Completed reload, in  1.237 seconds
Platform modules already initialized, skipping
Refreshing native plugins compatible for Editor in 1.25 ms, found 0 plugins.
Preloading 0 native plugins for Editor in 0.00 ms.
Unloading 3872 Unused Serialized files (Serialized files now loaded: 0)
System memory in use before: 201.8 MB.
System memory in use after: 198.1 MB.

Unloading 41 unused Assets to reduce memory usage. Loaded Objects now: 4731.
Total: 7.328200 ms (FindLiveObjects: 0.540600 ms CreateObjectMapping: 0.335400 ms MarkObjects: 2.886500 ms  DeleteObjects: 3.563200 ms)

========================================================================
Received Import Request.
  Time since last request: 267.627230 seconds.
  path: Assets/verk3/Prefabs/game_over Variant.prefab
  artifactKey: Guid(092685d90b5434f4d9881dbae696cb71) Importer(815301076,1909f56bfc062723c751e8b465ee728b)
Start importing Assets/verk3/Prefabs/game_over Variant.prefab using Guid(092685d90b5434f4d9881dbae696cb71) Importer(815301076,1909f56bfc062723c751e8b465ee728b)  -> (artifact id: '2c52837e45e63660c5ef616d21f1e72e') in 0.045447 seconds
  Import took 0.087964 seconds .

========================================================================
Received Import Request.
  Time since last request: 10.246030 seconds.
  path: Assets/verk3/Prefabs/main menu.prefab
  artifactKey: Guid(092685d90b5434f4d9881dbae696cb71) Importer(815301076,1909f56bfc062723c751e8b465ee728b)
Start importing Assets/verk3/Prefabs/main menu.prefab using Guid(092685d90b5434f4d9881dbae696cb71) Importer(815301076,1909f56bfc062723c751e8b465ee728b)  -> (artifact id: '6c8a76720d355a3167a026f181cf0a84') in 0.006038 seconds
  Import took 0.093170 seconds .

========================================================================
Received Import Request.
  Time since last request: 22.373840 seconds.
  path: Assets/verk3/Prefabs/game_over 1.prefab
  artifactKey: Guid(ec8171b8d6ab7b24cac9c2a788fc799b) Importer(815301076,1909f56bfc062723c751e8b465ee728b)
Start importing Assets/verk3/Prefabs/game_over 1.prefab using Guid(ec8171b8d6ab7b24cac9c2a788fc799b) Importer(815301076,1909f56bfc062723c751e8b465ee728b)  -> (artifact id: 'dc63e0e6681973281e9bc3f53a10dd7a') in 0.005131 seconds
  Import took 0.036467 seconds .

========================================================================
Received Import Request.
  Time since last request: 0.001351 seconds.
  path: Assets/verk3/Prefabs/game_over 1.prefab
  artifactKey: Guid(ec8171b8d6ab7b24cac9c2a788fc799b) Importer(815301076,1909f56bfc062723c751e8b465ee728b)
Start importing Assets/verk3/Prefabs/game_over 1.prefab using Guid(ec8171b8d6ab7b24cac9c2a788fc799b) Importer(815301076,1909f56bfc062723c751e8b465ee728b)  -> (artifact id: 'dc63e0e6681973281e9bc3f53a10dd7a') in 0.005433 seconds
  Import took 0.012341 seconds .

========================================================================
Received Import Request.
  Time since last request: 5.688298 seconds.
  path: Assets/verk3/Prefabs/main menu.prefab
  artifactKey: Guid(ec8171b8d6ab7b24cac9c2a788fc799b) Importer(815301076,1909f56bfc062723c751e8b465ee728b)
Start importing Assets/verk3/Prefabs/main menu.prefab using Guid(ec8171b8d6ab7b24cac9c2a788fc799b) Importer(815301076,1909f56bfc062723c751e8b465ee728b)  -> (artifact id: 'bdcf847a98623c51b438f55095e9c757') in 0.005620 seconds
  Import took 0.051867 seconds .

========================================================================
Received Import Request.
  Time since last request: 29.521835 seconds.
  path: Assets/verk3/Prefabs/main menu.prefab
  artifactKey: Guid(ec8171b8d6ab7b24cac9c2a788fc799b) Importer(815301076,1909f56bfc062723c751e8b465ee728b)
Start importing Assets/verk3/Prefabs/main menu.prefab using Guid(ec8171b8d6ab7b24cac9c2a788fc799b) Importer(815301076,1909f56bfc062723c751e8b465ee728b)  -> (artifact id: 'bef388aa9a23a75d74083ff2ce0c6718') in 0.005051 seconds
  Import took 0.013317 seconds .

========================================================================
Received Prepare
Registering precompiled user dll's ...
Registered in 0.001293 seconds.
Begin MonoManager ReloadAssembly
Native extension for LinuxStandalone target not found
Native extension for WindowsStandalone target not found
Native extension for OSXStandalone target not found
Refreshing native plugins compatible for Editor in 0.67 ms, found 0 plugins.
Preloading 0 native plugins for Editor in 0.00 ms.
Invoked RoslynAnalysisRunner static constructor.
RoslynAnalysisRunner will not be running.
RoslynAnalysisRunner has terminated.
Mono: successfully reloaded assembly
- Completed reload, in  1.134 seconds
Platform modules already initialized, skipping
Refreshing native plugins compatible for Editor in 0.72 ms, found 0 plugins.
Preloading 0 native plugins for Editor in 0.00 ms.
Unloading 3872 Unused Serialized files (Serialized files now loaded: 0)
System memory in use before: 201.9 MB.
System memory in use after: 198.1 MB.

Unloading 42 unused Assets to reduce memory usage. Loaded Objects now: 4735.
Total: 6.253200 ms (FindLiveObjects: 0.423800 ms CreateObjectMapping: 0.200100 ms MarkObjects: 2.270900 ms  DeleteObjects: 3.356800 ms)

========================================================================
Received Prepare
Registering precompiled user dll's ...
Registered in 0.001464 seconds.
Begin MonoManager ReloadAssembly
Native extension for LinuxStandalone target not found
Native extension for WindowsStandalone target not found
Native extension for OSXStandalone target not found
Refreshing native plugins compatible for Editor in 0.67 ms, found 0 plugins.
Preloading 0 native plugins for Editor in 0.00 ms.
Invoked RoslynAnalysisRunner static constructor.
RoslynAnalysisRunner will not be running.
RoslynAnalysisRunner has terminated.
Mono: successfully reloaded assembly
- Completed reload, in  1.210 seconds
Platform modules already initialized, skipping
Refreshing native plugins compatible for Editor in 0.73 ms, found 0 plugins.
Preloading 0 native plugins for Editor in 0.00 ms.
Unloading 3872 Unused Serialized files (Serialized files now loaded: 0)
System memory in use before: 201.9 MB.
System memory in use after: 198.2 MB.

Unloading 41 unused Assets to reduce memory usage. Loaded Objects now: 4737.
Total: 7.937100 ms (FindLiveObjects: 0.812900 ms CreateObjectMapping: 0.473400 ms MarkObjects: 2.517500 ms  DeleteObjects: 4.132100 ms)

========================================================================
Received Prepare
Registering precompiled user dll's ...
Registered in 0.001375 seconds.
Begin MonoManager ReloadAssembly
Native extension for LinuxStandalone target not found
Native extension for WindowsStandalone target not found
Native extension for OSXStandalone target not found
Refreshing native plugins compatible for Editor in 0.97 ms, found 0 plugins.
Preloading 0 native plugins for Editor in 0.00 ms.
Invoked RoslynAnalysisRunner static constructor.
RoslynAnalysisRunner will not be running.
RoslynAnalysisRunner has terminated.
Mono: successfully reloaded assembly
- Completed reload, in  1.214 seconds
Platform modules already initialized, skipping
Refreshing native plugins compatible for Editor in 0.99 ms, found 0 plugins.
Preloading 0 native plugins for Editor in 0.00 ms.
Unloading 3872 Unused Serialized files (Serialized files now loaded: 0)
System memory in use before: 201.9 MB.
System memory in use after: 198.2 MB.

Unloading 41 unused Assets to reduce memory usage. Loaded Objects now: 4739.
Total: 6.683900 ms (FindLiveObjects: 0.519000 ms CreateObjectMapping: 0.275600 ms MarkObjects: 2.407600 ms  DeleteObjects: 3.479900 ms)

========================================================================
Received Prepare
Registering precompiled user dll's ...
Registered in 0.001290 seconds.
Begin MonoManager ReloadAssembly
Native extension for LinuxStandalone target not found
Native extension for WindowsStandalone target not found
Native extension for OSXStandalone target not found
Refreshing native plugins compatible for Editor in 1.19 ms, found 0 plugins.
Preloading 0 native plugins for Editor in 0.00 ms.
Invoked RoslynAnalysisRunner static constructor.
RoslynAnalysisRunner will not be running.
RoslynAnalysisRunner has terminated.
Mono: successfully reloaded assembly
- Completed reload, in  1.171 seconds
Platform modules already initialized, skipping
Refreshing native plugins compatible for Editor in 1.34 ms, found 0 plugins.
Preloading 0 native plugins for Editor in 0.00 ms.
Unloading 3872 Unused Serialized files (Serialized files now loaded: 0)
System memory in use before: 202.0 MB.
System memory in use after: 198.2 MB.

Unloading 41 unused Assets to reduce memory usage. Loaded Objects now: 4741.
Total: 8.132700 ms (FindLiveObjects: 0.590900 ms CreateObjectMapping: 0.318900 ms MarkObjects: 2.770300 ms  DeleteObjects: 4.448900 ms)

========================================================================
Received Prepare
Registering precompiled user dll's ...
Registered in 0.001407 seconds.
Begin MonoManager ReloadAssembly
Native extension for LinuxStandalone target not found
Native extension for WindowsStandalone target not found
Native extension for OSXStandalone target not found
Refreshing native plugins compatible for Editor in 0.89 ms, found 0 plugins.
Preloading 0 native plugins for Editor in 0.00 ms.
Invoked RoslynAnalysisRunner static constructor.
RoslynAnalysisRunner will not be running.
RoslynAnalysisRunner has terminated.
Mono: successfully reloaded assembly
- Completed reload, in  1.192 seconds
Platform modules already initialized, skipping
Refreshing native plugins compatible for Editor in 0.76 ms, found 0 plugins.
Preloading 0 native plugins for Editor in 0.00 ms.
Unloading 3872 Unused Serialized files (Serialized files now loaded: 0)
System memory in use before: 202.0 MB.
System memory in use after: 198.2 MB.

Unloading 41 unused Assets to reduce memory usage. Loaded Objects now: 4743.
Total: 7.613300 ms (FindLiveObjects: 0.704800 ms CreateObjectMapping: 0.314700 ms MarkObjects: 2.925300 ms  DeleteObjects: 3.666800 ms)

========================================================================
Received Prepare
Registering precompiled user dll's ...
Registered in 0.001274 seconds.
Begin MonoManager ReloadAssembly
Native extension for LinuxStandalone target not found
Native extension for WindowsStandalone target not found
Native extension for OSXStandalone target not found
Refreshing native plugins compatible for Editor in 0.67 ms, found 0 plugins.
Preloading 0 native plugins for Editor in 0.00 ms.
Invoked RoslynAnalysisRunner static constructor.
RoslynAnalysisRunner will not be running.
RoslynAnalysisRunner has terminated.
Mono: successfully reloaded assembly
- Completed reload, in  1.200 seconds
Platform modules already initialized, skipping
Refreshing native plugins compatible for Editor in 1.30 ms, found 0 plugins.
Preloading 0 native plugins for Editor in 0.00 ms.
Unloading 3872 Unused Serialized files (Serialized files now loaded: 0)
System memory in use before: 202.0 MB.
System memory in use after: 198.2 MB.

Unloading 41 unused Assets to reduce memory usage. Loaded Objects now: 4745.
Total: 6.512100 ms (FindLiveObjects: 0.462800 ms CreateObjectMapping: 0.205900 ms MarkObjects: 2.321600 ms  DeleteObjects: 3.519800 ms)

========================================================================
Received Prepare
Registering precompiled user dll's ...
Registered in 0.001319 seconds.
Begin MonoManager ReloadAssembly
Native extension for LinuxStandalone target not found
Native extension for WindowsStandalone target not found
Native extension for OSXStandalone target not found
Refreshing native plugins compatible for Editor in 0.70 ms, found 0 plugins.
Preloading 0 native plugins for Editor in 0.00 ms.
Invoked RoslynAnalysisRunner static constructor.
RoslynAnalysisRunner will not be running.
RoslynAnalysisRunner has terminated.
Mono: successfully reloaded assembly
- Completed reload, in  1.174 seconds
Platform modules already initialized, skipping
Refreshing native plugins compatible for Editor in 0.76 ms, found 0 plugins.
Preloading 0 native plugins for Editor in 0.00 ms.
Unloading 3872 Unused Serialized files (Serialized files now loaded: 0)
System memory in use before: 202.0 MB.
System memory in use after: 198.2 MB.

Unloading 41 unused Assets to reduce memory usage. Loaded Objects now: 4747.
Total: 8.072600 ms (FindLiveObjects: 0.468700 ms CreateObjectMapping: 0.239000 ms MarkObjects: 3.050900 ms  DeleteObjects: 4.312000 ms)

========================================================================
Received Prepare
Registering precompiled user dll's ...
Registered in 0.001281 seconds.
Begin MonoManager ReloadAssembly
Native extension for LinuxStandalone target not found
Native extension for WindowsStandalone target not found
Native extension for OSXStandalone target not found
Refreshing native plugins compatible for Editor in 0.68 ms, found 0 plugins.
Preloading 0 native plugins for Editor in 0.00 ms.
Invoked RoslynAnalysisRunner static constructor.
RoslynAnalysisRunner will not be running.
RoslynAnalysisRunner has terminated.
Mono: successfully reloaded assembly
- Completed reload, in  1.184 seconds
Platform modules already initialized, skipping
Refreshing native plugins compatible for Editor in 0.92 ms, found 0 plugins.
Preloading 0 native plugins for Editor in 0.00 ms.
Unloading 3872 Unused Serialized files (Serialized files now loaded: 0)
System memory in use before: 202.0 MB.
System memory in use after: 198.2 MB.

Unloading 41 unused Assets to reduce memory usage. Loaded Objects now: 4749.
Total: 7.735900 ms (FindLiveObjects: 0.834800 ms CreateObjectMapping: 0.440900 ms MarkObjects: 2.848400 ms  DeleteObjects: 3.609400 ms)

========================================================================
Received Import Request.
  Time since last request: 630.046710 seconds.
  path: Assets/verk3/Prefabs/game_over.prefab
  artifactKey: Guid(7baf7d679b290834d9df03cffcbe2ee5) Importer(815301076,1909f56bfc062723c751e8b465ee728b)
Start importing Assets/verk3/Prefabs/game_over.prefab using Guid(7baf7d679b290834d9df03cffcbe2ee5) Importer(815301076,1909f56bfc062723c751e8b465ee728b)  -> (artifact id: '4fa300002003f193349db5c0226001d1') in 0.044055 seconds
  Import took 0.051272 seconds .

========================================================================
Received Import Request.
  Time since last request: 0.000228 seconds.
  path: Assets/verk3/Prefabs/main menu.prefab
  artifactKey: Guid(ec8171b8d6ab7b24cac9c2a788fc799b) Importer(815301076,1909f56bfc062723c751e8b465ee728b)
Start importing Assets/verk3/Prefabs/main menu.prefab using Guid(ec8171b8d6ab7b24cac9c2a788fc799b) Importer(815301076,1909f56bfc062723c751e8b465ee728b)  -> (artifact id: 'b9cb04ee31317a7c029284f6f18e8655') in 0.005284 seconds
  Import took 0.203413 seconds .

========================================================================
Received Import Request.
  Time since last request: 0.000219 seconds.
  path: Assets/verk3/Prefabs/wtf.prefab
  artifactKey: Guid(ab921f2e27ea20240b10c91e21fcf753) Importer(815301076,1909f56bfc062723c751e8b465ee728b)
Start importing Assets/verk3/Prefabs/wtf.prefab using Guid(ab921f2e27ea20240b10c91e21fcf753) Importer(815301076,1909f56bfc062723c751e8b465ee728b)  -> (artifact id: '9a729d9b3bd4e818c69ebd2e72de3bda') in 0.004359 seconds
  Import took 0.029608 seconds .

========================================================================
Received Prepare
Registering precompiled user dll's ...
Registered in 0.001389 seconds.
Begin MonoManager ReloadAssembly
Native extension for LinuxStandalone target not found
Native extension for WindowsStandalone target not found
Native extension for OSXStandalone target not found
Refreshing native plugins compatible for Editor in 1.06 ms, found 0 plugins.
Preloading 0 native plugins for Editor in 0.00 ms.
Invoked RoslynAnalysisRunner static constructor.
RoslynAnalysisRunner will not be running.
RoslynAnalysisRunner has terminated.
Mono: successfully reloaded assembly
- Completed reload, in  1.209 seconds
Platform modules already initialized, skipping
Refreshing native plugins compatible for Editor in 1.41 ms, found 0 plugins.
Preloading 0 native plugins for Editor in 0.00 ms.
Unloading 3872 Unused Serialized files (Serialized files now loaded: 0)
System memory in use before: 202.0 MB.
System memory in use after: 198.2 MB.

Unloading 42 unused Assets to reduce memory usage. Loaded Objects now: 4751.
Total: 8.965000 ms (FindLiveObjects: 0.480700 ms CreateObjectMapping: 0.362800 ms MarkObjects: 2.966400 ms  DeleteObjects: 5.153500 ms)

========================================================================
Received Prepare
Registering precompiled user dll's ...
Registered in 0.001373 seconds.
Begin MonoManager ReloadAssembly
Native extension for LinuxStandalone target not found
Native extension for WindowsStandalone target not found
Native extension for OSXStandalone target not found
Refreshing native plugins compatible for Editor in 0.75 ms, found 0 plugins.
Preloading 0 native plugins for Editor in 0.00 ms.
Invoked RoslynAnalysisRunner static constructor.
RoslynAnalysisRunner will not be running.
RoslynAnalysisRunner has terminated.
Mono: successfully reloaded assembly
- Completed reload, in  1.217 seconds
Platform modules already initialized, skipping
Refreshing native plugins compatible for Editor in 0.89 ms, found 0 plugins.
Preloading 0 native plugins for Editor in 0.00 ms.
Unloading 3872 Unused Serialized files (Serialized files now loaded: 0)
System memory in use before: 202.0 MB.
System memory in use after: 198.2 MB.

Unloading 41 unused Assets to reduce memory usage. Loaded Objects now: 4753.
Total: 8.236400 ms (FindLiveObjects: 0.556500 ms CreateObjectMapping: 0.343200 ms MarkObjects: 2.866400 ms  DeleteObjects: 4.468100 ms)

========================================================================
Received Prepare
Registering precompiled user dll's ...
Registered in 0.001258 seconds.
Begin MonoManager ReloadAssembly
Native extension for LinuxStandalone target not found
Native extension for WindowsStandalone target not found
Native extension for OSXStandalone target not found
Refreshing native plugins compatible for Editor in 0.82 ms, found 0 plugins.
Preloading 0 native plugins for Editor in 0.00 ms.
Invoked RoslynAnalysisRunner static constructor.
RoslynAnalysisRunner will not be running.
RoslynAnalysisRunner has terminated.
Mono: successfully reloaded assembly
- Completed reload, in  1.180 seconds
Platform modules already initialized, skipping
Refreshing native plugins compatible for Editor in 0.94 ms, found 0 plugins.
Preloading 0 native plugins for Editor in 0.00 ms.
Unloading 3872 Unused Serialized files (Serialized files now loaded: 0)
System memory in use before: 202.0 MB.
System memory in use after: 198.2 MB.

Unloading 41 unused Assets to reduce memory usage. Loaded Objects now: 4755.
Total: 7.711300 ms (FindLiveObjects: 0.554200 ms CreateObjectMapping: 0.311800 ms MarkObjects: 2.935600 ms  DeleteObjects: 3.908000 ms)

========================================================================
Received Prepare
Registering precompiled user dll's ...
Registered in 0.002344 seconds.
Begin MonoManager ReloadAssembly
Native extension for LinuxStandalone target not found
Native extension for WindowsStandalone target not found
Native extension for OSXStandalone target not found
Refreshing native plugins compatible for Editor in 0.75 ms, found 0 plugins.
Preloading 0 native plugins for Editor in 0.00 ms.
Invoked RoslynAnalysisRunner static constructor.
RoslynAnalysisRunner will not be running.
RoslynAnalysisRunner has terminated.
Mono: successfully reloaded assembly
- Completed reload, in  1.146 seconds
Platform modules already initialized, skipping
Refreshing native plugins compatible for Editor in 0.76 ms, found 0 plugins.
Preloading 0 native plugins for Editor in 0.00 ms.
Unloading 3872 Unused Serialized files (Serialized files now loaded: 0)
System memory in use before: 202.0 MB.
System memory in use after: 198.2 MB.

Unloading 41 unused Assets to reduce memory usage. Loaded Objects now: 4757.
Total: 6.485900 ms (FindLiveObjects: 0.509000 ms CreateObjectMapping: 0.256900 ms MarkObjects: 2.321100 ms  DeleteObjects: 3.397000 ms)

========================================================================
Received Prepare
Registering precompiled user dll's ...
Registered in 0.001309 seconds.
Begin MonoManager ReloadAssembly
Native extension for LinuxStandalone target not found
Native extension for WindowsStandalone target not found
Native extension for OSXStandalone target not found
Refreshing native plugins compatible for Editor in 0.67 ms, found 0 plugins.
Preloading 0 native plugins for Editor in 0.00 ms.
Invoked RoslynAnalysisRunner static constructor.
RoslynAnalysisRunner will not be running.
RoslynAnalysisRunner has terminated.
Mono: successfully reloaded assembly
- Completed reload, in  1.200 seconds
Platform modules already initialized, skipping
Refreshing native plugins compatible for Editor in 0.89 ms, found 0 plugins.
Preloading 0 native plugins for Editor in 0.00 ms.
Unloading 3872 Unused Serialized files (Serialized files now loaded: 0)
System memory in use before: 202.0 MB.
System memory in use after: 198.2 MB.

Unloading 41 unused Assets to reduce memory usage. Loaded Objects now: 4759.
Total: 8.164300 ms (FindLiveObjects: 1.000100 ms CreateObjectMapping: 0.475300 ms MarkObjects: 2.500900 ms  DeleteObjects: 4.186200 ms)

========================================================================
Received Prepare
Registering precompiled user dll's ...
Registered in 0.001298 seconds.
Begin MonoManager ReloadAssembly
Native extension for LinuxStandalone target not found
Native extension for WindowsStandalone target not found
Native extension for OSXStandalone target not found
Refreshing native plugins compatible for Editor in 0.69 ms, found 0 plugins.
Preloading 0 native plugins for Editor in 0.00 ms.
Invoked RoslynAnalysisRunner static constructor.
RoslynAnalysisRunner will not be running.
RoslynAnalysisRunner has terminated.
Mono: successfully reloaded assembly
- Completed reload, in  1.177 seconds
Platform modules already initialized, skipping
Refreshing native plugins compatible for Editor in 0.76 ms, found 0 plugins.
Preloading 0 native plugins for Editor in 0.00 ms.
Unloading 3872 Unused Serialized files (Serialized files now loaded: 0)
System memory in use before: 202.1 MB.
System memory in use after: 198.3 MB.

Unloading 41 unused Assets to reduce memory usage. Loaded Objects now: 4761.
Total: 6.633400 ms (FindLiveObjects: 0.499500 ms CreateObjectMapping: 0.341300 ms MarkObjects: 2.436400 ms  DeleteObjects: 3.354600 ms)

========================================================================
Received Prepare
Registering precompiled user dll's ...
Registered in 0.001279 seconds.
Begin MonoManager ReloadAssembly
Native extension for LinuxStandalone target not found
Native extension for WindowsStandalone target not found
Native extension for OSXStandalone target not found
Refreshing native plugins compatible for Editor in 0.69 ms, found 0 plugins.
Preloading 0 native plugins for Editor in 0.00 ms.
Invoked RoslynAnalysisRunner static constructor.
RoslynAnalysisRunner will not be running.
RoslynAnalysisRunner has terminated.
Mono: successfully reloaded assembly
- Completed reload, in  1.198 seconds
Platform modules already initialized, skipping
Refreshing native plugins compatible for Editor in 0.98 ms, found 0 plugins.
Preloading 0 native plugins for Editor in 0.00 ms.
Unloading 3872 Unused Serialized files (Serialized files now loaded: 0)
System memory in use before: 202.0 MB.
System memory in use after: 198.3 MB.

Unloading 41 unused Assets to reduce memory usage. Loaded Objects now: 4763.
Total: 9.615200 ms (FindLiveObjects: 0.735300 ms CreateObjectMapping: 0.553800 ms MarkObjects: 3.356800 ms  DeleteObjects: 4.967200 ms)

========================================================================
Received Import Request.
  Time since last request: 296.563928 seconds.
  path: Assets/verk3/Prefabs/GameObject.prefab
  artifactKey: Guid(6fb88a19a017f7145a40c3fea2e1003a) Importer(815301076,1909f56bfc062723c751e8b465ee728b)
Start importing Assets/verk3/Prefabs/GameObject.prefab using Guid(6fb88a19a017f7145a40c3fea2e1003a) Importer(815301076,1909f56bfc062723c751e8b465ee728b)  -> (artifact id: '3fda32da5b3a7de2e92e8b1d6c633280') in 0.024015 seconds
  Import took 0.064251 seconds .

========================================================================
Received Import Request.
  Time since last request: 2.468721 seconds.
  path: Assets/verk3/Prefabs/resetter.prefab
  artifactKey: Guid(6fb88a19a017f7145a40c3fea2e1003a) Importer(815301076,1909f56bfc062723c751e8b465ee728b)
Start importing Assets/verk3/Prefabs/resetter.prefab using Guid(6fb88a19a017f7145a40c3fea2e1003a) Importer(815301076,1909f56bfc062723c751e8b465ee728b)  -> (artifact id: '5aa0c85abd558f65be21ed5ad32d1f0b') in 0.005761 seconds
  Import took 0.034501 seconds .

========================================================================
Received Import Request.
  Time since last request: 26.888306 seconds.
  path: Assets/verk3/Prefabs/game_over.prefab
  artifactKey: Guid(7baf7d679b290834d9df03cffcbe2ee5) Importer(815301076,1909f56bfc062723c751e8b465ee728b)
Start importing Assets/verk3/Prefabs/game_over.prefab using Guid(7baf7d679b290834d9df03cffcbe2ee5) Importer(815301076,1909f56bfc062723c751e8b465ee728b)  -> (artifact id: '494c48153d218e336ed2fe188536a45e') in 0.019775 seconds
  Import took 0.055460 seconds .

========================================================================
Received Prepare
Registering precompiled user dll's ...
Registered in 0.001286 seconds.
Begin MonoManager ReloadAssembly
Native extension for LinuxStandalone target not found
Native extension for WindowsStandalone target not found
Native extension for OSXStandalone target not found
Refreshing native plugins compatible for Editor in 0.67 ms, found 0 plugins.
Preloading 0 native plugins for Editor in 0.00 ms.
Invoked RoslynAnalysisRunner static constructor.
RoslynAnalysisRunner will not be running.
RoslynAnalysisRunner has terminated.
Mono: successfully reloaded assembly
- Completed reload, in  1.253 seconds
Platform modules already initialized, skipping
Refreshing native plugins compatible for Editor in 0.86 ms, found 0 plugins.
Preloading 0 native plugins for Editor in 0.00 ms.
Unloading 3872 Unused Serialized files (Serialized files now loaded: 0)
System memory in use before: 202.1 MB.
System memory in use after: 198.3 MB.

Unloading 42 unused Assets to reduce memory usage. Loaded Objects now: 4765.
Total: 7.844600 ms (FindLiveObjects: 0.468500 ms CreateObjectMapping: 0.247000 ms MarkObjects: 2.721500 ms  DeleteObjects: 4.405500 ms)

========================================================================
Received Prepare
Registering precompiled user dll's ...
Registered in 0.001262 seconds.
Begin MonoManager ReloadAssembly
Native extension for LinuxStandalone target not found
Native extension for WindowsStandalone target not found
Native extension for OSXStandalone target not found
Refreshing native plugins compatible for Editor in 0.67 ms, found 0 plugins.
Preloading 0 native plugins for Editor in 0.00 ms.
Invoked RoslynAnalysisRunner static constructor.
RoslynAnalysisRunner will not be running.
RoslynAnalysisRunner has terminated.
Mono: successfully reloaded assembly
- Completed reload, in  1.189 seconds
Platform modules already initialized, skipping
Refreshing native plugins compatible for Editor in 1.20 ms, found 0 plugins.
Preloading 0 native plugins for Editor in 0.00 ms.
Unloading 3872 Unused Serialized files (Serialized files now loaded: 0)
System memory in use before: 202.1 MB.
System memory in use after: 198.3 MB.

Unloading 41 unused Assets to reduce memory usage. Loaded Objects now: 4767.
Total: 7.555400 ms (FindLiveObjects: 0.657800 ms CreateObjectMapping: 0.463200 ms MarkObjects: 2.529700 ms  DeleteObjects: 3.902500 ms)

========================================================================
Received Prepare
Registering precompiled user dll's ...
Registered in 0.001758 seconds.
Begin MonoManager ReloadAssembly
Native extension for LinuxStandalone target not found
Native extension for WindowsStandalone target not found
Native extension for OSXStandalone target not found
Refreshing native plugins compatible for Editor in 0.72 ms, found 0 plugins.
Preloading 0 native plugins for Editor in 0.00 ms.
Invoked RoslynAnalysisRunner static constructor.
RoslynAnalysisRunner will not be running.
RoslynAnalysisRunner has terminated.
Mono: successfully reloaded assembly
- Completed reload, in  1.187 seconds
Platform modules already initialized, skipping
Refreshing native plugins compatible for Editor in 2.98 ms, found 0 plugins.
Preloading 0 native plugins for Editor in 0.00 ms.
Unloading 3872 Unused Serialized files (Serialized files now loaded: 0)
System memory in use before: 202.1 MB.
System memory in use after: 198.3 MB.

Unloading 41 unused Assets to reduce memory usage. Loaded Objects now: 4769.
Total: 7.967300 ms (FindLiveObjects: 0.753700 ms CreateObjectMapping: 0.380800 ms MarkObjects: 3.009300 ms  DeleteObjects: 3.820800 ms)

========================================================================
Received Import Request.
  Time since last request: 75.669388 seconds.
  path: Assets/verk3/Prefabs/resetter.prefab
  artifactKey: Guid(6fb88a19a017f7145a40c3fea2e1003a) Importer(815301076,1909f56bfc062723c751e8b465ee728b)
Start importing Assets/verk3/Prefabs/resetter.prefab using Guid(6fb88a19a017f7145a40c3fea2e1003a) Importer(815301076,1909f56bfc062723c751e8b465ee728b)  -> (artifact id: 'd0bf04f180358219514e755ee82e4cf4') in 0.038784 seconds
  Import took 0.055276 seconds .

========================================================================
Received Prepare
Registering precompiled user dll's ...
Registered in 0.001749 seconds.
Begin MonoManager ReloadAssembly
Native extension for LinuxStandalone target not found
Native extension for WindowsStandalone target not found
Native extension for OSXStandalone target not found
Refreshing native plugins compatible for Editor in 0.79 ms, found 0 plugins.
Preloading 0 native plugins for Editor in 0.00 ms.
Invoked RoslynAnalysisRunner static constructor.
RoslynAnalysisRunner will not be running.
RoslynAnalysisRunner has terminated.
Mono: successfully reloaded assembly
- Completed reload, in  1.181 seconds
Platform modules already initialized, skipping
Refreshing native plugins compatible for Editor in 0.84 ms, found 0 plugins.
Preloading 0 native plugins for Editor in 0.00 ms.
Unloading 3872 Unused Serialized files (Serialized files now loaded: 0)
System memory in use before: 202.1 MB.
System memory in use after: 198.3 MB.

Unloading 41 unused Assets to reduce memory usage. Loaded Objects now: 4771.
Total: 7.448000 ms (FindLiveObjects: 0.712400 ms CreateObjectMapping: 0.300700 ms MarkObjects: 2.424000 ms  DeleteObjects: 4.009700 ms)

========================================================================
Received Import Request.
  Time since last request: 61.853515 seconds.
  path: Assets/verk3/Prefabs/main menu.prefab
  artifactKey: Guid(ec8171b8d6ab7b24cac9c2a788fc799b) Importer(815301076,1909f56bfc062723c751e8b465ee728b)
Start importing Assets/verk3/Prefabs/main menu.prefab using Guid(ec8171b8d6ab7b24cac9c2a788fc799b) Importer(815301076,1909f56bfc062723c751e8b465ee728b)  -> (artifact id: '4981df74ae6fb188f6fc5a84fb675ed7') in 0.053111 seconds
  Import took 0.059671 seconds .

========================================================================
Received Prepare
Registering precompiled user dll's ...
Registered in 0.001545 seconds.
Begin MonoManager ReloadAssembly
Native extension for LinuxStandalone target not found
Native extension for WindowsStandalone target not found
Native extension for OSXStandalone target not found
Refreshing native plugins compatible for Editor in 0.68 ms, found 0 plugins.
Preloading 0 native plugins for Editor in 0.00 ms.
Invoked RoslynAnalysisRunner static constructor.
RoslynAnalysisRunner will not be running.
RoslynAnalysisRunner has terminated.
Mono: successfully reloaded assembly
- Completed reload, in  1.210 seconds
Platform modules already initialized, skipping
Refreshing native plugins compatible for Editor in 0.82 ms, found 0 plugins.
Preloading 0 native plugins for Editor in 0.00 ms.
Unloading 3872 Unused Serialized files (Serialized files now loaded: 0)
System memory in use before: 202.1 MB.
System memory in use after: 198.3 MB.

Unloading 42 unused Assets to reduce memory usage. Loaded Objects now: 4773.
Total: 7.901400 ms (FindLiveObjects: 0.853100 ms CreateObjectMapping: 0.660600 ms MarkObjects: 2.444800 ms  DeleteObjects: 3.941700 ms)

========================================================================
Received Prepare
Registering precompiled user dll's ...
Registered in 0.002233 seconds.
Begin MonoManager ReloadAssembly
Native extension for LinuxStandalone target not found
Native extension for WindowsStandalone target not found
Native extension for OSXStandalone target not found
Refreshing native plugins compatible for Editor in 0.67 ms, found 0 plugins.
Preloading 0 native plugins for Editor in 0.00 ms.
Invoked RoslynAnalysisRunner static constructor.
RoslynAnalysisRunner will not be running.
RoslynAnalysisRunner has terminated.
Mono: successfully reloaded assembly
- Completed reload, in  1.195 seconds
Platform modules already initialized, skipping
Refreshing native plugins compatible for Editor in 0.82 ms, found 0 plugins.
Preloading 0 native plugins for Editor in 0.00 ms.
Unloading 3872 Unused Serialized files (Serialized files now loaded: 0)
System memory in use before: 202.1 MB.
System memory in use after: 198.3 MB.

Unloading 41 unused Assets to reduce memory usage. Loaded Objects now: 4775.
Total: 9.018000 ms (FindLiveObjects: 0.662900 ms CreateObjectMapping: 0.288000 ms MarkObjects: 3.202900 ms  DeleteObjects: 4.862100 ms)

========================================================================
Received Prepare
Registering precompiled user dll's ...
Registered in 0.001294 seconds.
Begin MonoManager ReloadAssembly
Native extension for LinuxStandalone target not found
Native extension for WindowsStandalone target not found
Native extension for OSXStandalone target not found
Refreshing native plugins compatible for Editor in 0.69 ms, found 0 plugins.
Preloading 0 native plugins for Editor in 0.00 ms.
Invoked RoslynAnalysisRunner static constructor.
RoslynAnalysisRunner will not be running.
RoslynAnalysisRunner has terminated.
Mono: successfully reloaded assembly
- Completed reload, in  1.182 seconds
Platform modules already initialized, skipping
Refreshing native plugins compatible for Editor in 1.99 ms, found 0 plugins.
Preloading 0 native plugins for Editor in 0.00 ms.
Unloading 3872 Unused Serialized files (Serialized files now loaded: 0)
System memory in use before: 202.1 MB.
System memory in use after: 198.3 MB.

Unloading 41 unused Assets to reduce memory usage. Loaded Objects now: 4777.
Total: 8.537400 ms (FindLiveObjects: 0.664900 ms CreateObjectMapping: 0.488200 ms MarkObjects: 3.491200 ms  DeleteObjects: 3.890500 ms)

========================================================================
Received Prepare
Registering precompiled user dll's ...
Registered in 0.001245 seconds.
Begin MonoManager ReloadAssembly
Native extension for LinuxStandalone target not found
Native extension for WindowsStandalone target not found
Native extension for OSXStandalone target not found
Refreshing native plugins compatible for Editor in 1.08 ms, found 0 plugins.
Preloading 0 native plugins for Editor in 0.00 ms.
Invoked RoslynAnalysisRunner static constructor.
RoslynAnalysisRunner will not be running.
RoslynAnalysisRunner has terminated.
Mono: successfully reloaded assembly
- Completed reload, in  1.187 seconds
Platform modules already initialized, skipping
Refreshing native plugins compatible for Editor in 1.40 ms, found 0 plugins.
Preloading 0 native plugins for Editor in 0.00 ms.
Unloading 3872 Unused Serialized files (Serialized files now loaded: 0)
System memory in use before: 202.1 MB.
System memory in use after: 198.3 MB.

Unloading 41 unused Assets to reduce memory usage. Loaded Objects now: 4779.
Total: 9.695700 ms (FindLiveObjects: 0.752300 ms CreateObjectMapping: 0.603000 ms MarkObjects: 3.359800 ms  DeleteObjects: 4.978300 ms)

========================================================================
Received Prepare
Registering precompiled user dll's ...
Registered in 0.001492 seconds.
Begin MonoManager ReloadAssembly
Native extension for LinuxStandalone target not found
Native extension for WindowsStandalone target not found
Native extension for OSXStandalone target not found
Refreshing native plugins compatible for Editor in 0.73 ms, found 0 plugins.
Preloading 0 native plugins for Editor in 0.00 ms.
Invoked RoslynAnalysisRunner static constructor.
RoslynAnalysisRunner will not be running.
RoslynAnalysisRunner has terminated.
Mono: successfully reloaded assembly
- Completed reload, in  1.175 seconds
Platform modules already initialized, skipping
Refreshing native plugins compatible for Editor in 1.07 ms, found 0 plugins.
Preloading 0 native plugins for Editor in 0.00 ms.
Unloading 3872 Unused Serialized files (Serialized files now loaded: 0)
System memory in use before: 202.1 MB.
System memory in use after: 198.3 MB.

Unloading 41 unused Assets to reduce memory usage. Loaded Objects now: 4781.
Total: 7.461600 ms (FindLiveObjects: 0.398400 ms CreateObjectMapping: 0.229200 ms MarkObjects: 3.313100 ms  DeleteObjects: 3.519700 ms)

========================================================================
Received Prepare
Registering precompiled user dll's ...
Registered in 0.001324 seconds.
Begin MonoManager ReloadAssembly
Native extension for LinuxStandalone target not found
Native extension for WindowsStandalone target not found
Native extension for OSXStandalone target not found
Refreshing native plugins compatible for Editor in 0.70 ms, found 0 plugins.
Preloading 0 native plugins for Editor in 0.00 ms.
Invoked RoslynAnalysisRunner static constructor.
RoslynAnalysisRunner will not be running.
RoslynAnalysisRunner has terminated.
Mono: successfully reloaded assembly
- Completed reload, in  1.228 seconds
Platform modules already initialized, skipping
Refreshing native plugins compatible for Editor in 0.94 ms, found 0 plugins.
Preloading 0 native plugins for Editor in 0.00 ms.
Unloading 3872 Unused Serialized files (Serialized files now loaded: 0)
System memory in use before: 202.1 MB.
System memory in use after: 198.3 MB.

Unloading 41 unused Assets to reduce memory usage. Loaded Objects now: 4783.
Total: 7.119600 ms (FindLiveObjects: 0.508400 ms CreateObjectMapping: 0.260500 ms MarkObjects: 2.581300 ms  DeleteObjects: 3.768200 ms)

========================================================================
Received Prepare
Registering precompiled user dll's ...
Registered in 0.001353 seconds.
Begin MonoManager ReloadAssembly
Native extension for LinuxStandalone target not found
Native extension for WindowsStandalone target not found
Native extension for OSXStandalone target not found
Refreshing native plugins compatible for Editor in 0.68 ms, found 0 plugins.
Preloading 0 native plugins for Editor in 0.00 ms.
Invoked RoslynAnalysisRunner static constructor.
RoslynAnalysisRunner will not be running.
RoslynAnalysisRunner has terminated.
Mono: successfully reloaded assembly
- Completed reload, in  1.304 seconds
Platform modules already initialized, skipping
Refreshing native plugins compatible for Editor in 0.92 ms, found 0 plugins.
Preloading 0 native plugins for Editor in 0.00 ms.
Unloading 3872 Unused Serialized files (Serialized files now loaded: 0)
System memory in use before: 202.2 MB.
System memory in use after: 198.4 MB.

Unloading 41 unused Assets to reduce memory usage. Loaded Objects now: 4785.
Total: 7.067900 ms (FindLiveObjects: 0.478300 ms CreateObjectMapping: 0.379100 ms MarkObjects: 2.887800 ms  DeleteObjects: 3.321500 ms)

========================================================================
Received Prepare
Registering precompiled user dll's ...
Registered in 0.001269 seconds.
Begin MonoManager ReloadAssembly
Native extension for LinuxStandalone target not found
Native extension for WindowsStandalone target not found
Native extension for OSXStandalone target not found
Refreshing native plugins compatible for Editor in 0.82 ms, found 0 plugins.
Preloading 0 native plugins for Editor in 0.00 ms.
Invoked RoslynAnalysisRunner static constructor.
RoslynAnalysisRunner will not be running.
RoslynAnalysisRunner has terminated.
Mono: successfully reloaded assembly
- Completed reload, in  1.272 seconds
Platform modules already initialized, skipping
Refreshing native plugins compatible for Editor in 0.71 ms, found 0 plugins.
Preloading 0 native plugins for Editor in 0.00 ms.
Unloading 3872 Unused Serialized files (Serialized files now loaded: 0)
System memory in use before: 202.2 MB.
System memory in use after: 198.4 MB.

Unloading 41 unused Assets to reduce memory usage. Loaded Objects now: 4787.
Total: 9.041600 ms (FindLiveObjects: 0.995700 ms CreateObjectMapping: 0.372700 ms MarkObjects: 2.905600 ms  DeleteObjects: 4.764700 ms)

========================================================================
Received Import Request.
  Time since last request: 376.540394 seconds.
  path: Assets/verk3/Prefabs/initializer.prefab
  artifactKey: Guid(0dbd1756de8acef4c9618d6c5c41b7b8) Importer(815301076,1909f56bfc062723c751e8b465ee728b)
Start importing Assets/verk3/Prefabs/initializer.prefab using Guid(0dbd1756de8acef4c9618d6c5c41b7b8) Importer(815301076,1909f56bfc062723c751e8b465ee728b)  -> (artifact id: 'bf20e0b694b324a330c12b5c10ac5cfa') in 0.024426 seconds
  Import took 0.060245 seconds .

========================================================================
Received Import Request.
  Time since last request: 0.003201 seconds.
  path: Assets/verk3/Prefabs/initializer.prefab
  artifactKey: Guid(0dbd1756de8acef4c9618d6c5c41b7b8) Importer(815301076,1909f56bfc062723c751e8b465ee728b)
Start importing Assets/verk3/Prefabs/initializer.prefab using Guid(0dbd1756de8acef4c9618d6c5c41b7b8) Importer(815301076,1909f56bfc062723c751e8b465ee728b)  -> (artifact id: 'bf20e0b694b324a330c12b5c10ac5cfa') in 0.004820 seconds
  Import took 0.012473 seconds .

========================================================================
Received Import Request.
  Time since last request: 4.599060 seconds.
  path: Assets/verk3/Prefabs/resetter.prefab
  artifactKey: Guid(6fb88a19a017f7145a40c3fea2e1003a) Importer(815301076,1909f56bfc062723c751e8b465ee728b)
Start importing Assets/verk3/Prefabs/resetter.prefab using Guid(6fb88a19a017f7145a40c3fea2e1003a) Importer(815301076,1909f56bfc062723c751e8b465ee728b)  -> (artifact id: 'a875655d8e58b198c4b0bd619dc11575') in 0.005791 seconds
  Import took 0.027218 seconds .

========================================================================
Received Import Request.
  Time since last request: 0.017316 seconds.
  path: Assets/verk3/Prefabs/resetter.prefab
  artifactKey: Guid(6fb88a19a017f7145a40c3fea2e1003a) Importer(815301076,1909f56bfc062723c751e8b465ee728b)
Start importing Assets/verk3/Prefabs/resetter.prefab using Guid(6fb88a19a017f7145a40c3fea2e1003a) Importer(815301076,1909f56bfc062723c751e8b465ee728b)  -> (artifact id: 'a875655d8e58b198c4b0bd619dc11575') in 0.005290 seconds
  Import took 0.011577 seconds .

========================================================================
Received Prepare
Registering precompiled user dll's ...
Registered in 0.001338 seconds.
Begin MonoManager ReloadAssembly
Native extension for LinuxStandalone target not found
Native extension for WindowsStandalone target not found
Native extension for OSXStandalone target not found
Refreshing native plugins compatible for Editor in 0.68 ms, found 0 plugins.
Preloading 0 native plugins for Editor in 0.00 ms.
Invoked RoslynAnalysisRunner static constructor.
RoslynAnalysisRunner will not be running.
RoslynAnalysisRunner has terminated.
Mono: successfully reloaded assembly
- Completed reload, in  1.169 seconds
Platform modules already initialized, skipping
Refreshing native plugins compatible for Editor in 0.79 ms, found 0 plugins.
Preloading 0 native plugins for Editor in 0.00 ms.
Unloading 3872 Unused Serialized files (Serialized files now loaded: 0)
System memory in use before: 202.2 MB.
System memory in use after: 198.4 MB.

Unloading 41 unused Assets to reduce memory usage. Loaded Objects now: 4789.
Total: 8.381800 ms (FindLiveObjects: 1.165500 ms CreateObjectMapping: 0.380300 ms MarkObjects: 2.939100 ms  DeleteObjects: 3.894600 ms)

========================================================================
Received Prepare
Registering precompiled user dll's ...
Registered in 0.001309 seconds.
Begin MonoManager ReloadAssembly
Native extension for LinuxStandalone target not found
Native extension for WindowsStandalone target not found
Native extension for OSXStandalone target not found
Refreshing native plugins compatible for Editor in 0.72 ms, found 0 plugins.
Preloading 0 native plugins for Editor in 0.00 ms.
Invoked RoslynAnalysisRunner static constructor.
RoslynAnalysisRunner will not be running.
RoslynAnalysisRunner has terminated.
Mono: successfully reloaded assembly
- Completed reload, in  1.204 seconds
Platform modules already initialized, skipping
Refreshing native plugins compatible for Editor in 0.82 ms, found 0 plugins.
Preloading 0 native plugins for Editor in 0.00 ms.
Unloading 3872 Unused Serialized files (Serialized files now loaded: 0)
System memory in use before: 202.2 MB.
System memory in use after: 198.4 MB.

Unloading 41 unused Assets to reduce memory usage. Loaded Objects now: 4791.
Total: 8.943000 ms (FindLiveObjects: 0.610400 ms CreateObjectMapping: 0.310700 ms MarkObjects: 3.120700 ms  DeleteObjects: 4.898200 ms)

========================================================================
Received Prepare
Registering precompiled user dll's ...
Registered in 0.001351 seconds.
Begin MonoManager ReloadAssembly
Native extension for LinuxStandalone target not found
Native extension for WindowsStandalone target not found
Native extension for OSXStandalone target not found
Refreshing native plugins compatible for Editor in 2.21 ms, found 0 plugins.
Preloading 0 native plugins for Editor in 0.00 ms.
Invoked RoslynAnalysisRunner static constructor.
RoslynAnalysisRunner will not be running.
RoslynAnalysisRunner has terminated.
Mono: successfully reloaded assembly
- Completed reload, in  2.927 seconds
Platform modules already initialized, skipping
Refreshing native plugins compatible for Editor in 0.82 ms, found 0 plugins.
Preloading 0 native plugins for Editor in 0.00 ms.
Unloading 3872 Unused Serialized files (Serialized files now loaded: 0)
System memory in use before: 202.2 MB.
System memory in use after: 198.4 MB.

Unloading 41 unused Assets to reduce memory usage. Loaded Objects now: 4793.
Total: 7.869900 ms (FindLiveObjects: 0.523300 ms CreateObjectMapping: 0.336100 ms MarkObjects: 2.821600 ms  DeleteObjects: 4.186400 ms)

========================================================================
Received Prepare
Refreshing native plugins compatible for Editor in 1.90 ms, found 0 plugins.
Preloading 0 native plugins for Editor in 0.00 ms.
Unloading 39 Unused Serialized files (Serialized files now loaded: 0)
System memory in use before: 126.6 MB.
System memory in use after: 122.8 MB.

Unloading 39 unused Assets to reduce memory usage. Loaded Objects now: 4793.
Total: 7.051300 ms (FindLiveObjects: 0.598500 ms CreateObjectMapping: 0.307500 ms MarkObjects: 2.700700 ms  DeleteObjects: 3.442700 ms)

========================================================================
Received Prepare
Registering precompiled user dll's ...
Registered in 0.001403 seconds.
Begin MonoManager ReloadAssembly
Native extension for LinuxStandalone target not found
Native extension for WindowsStandalone target not found
Native extension for OSXStandalone target not found
Refreshing native plugins compatible for Editor in 0.80 ms, found 0 plugins.
Preloading 0 native plugins for Editor in 0.00 ms.
Invoked RoslynAnalysisRunner static constructor.
RoslynAnalysisRunner will not be running.
RoslynAnalysisRunner has terminated.
Mono: successfully reloaded assembly
- Completed reload, in  1.245 seconds
Platform modules already initialized, skipping
Refreshing native plugins compatible for Editor in 0.69 ms, found 0 plugins.
Preloading 0 native plugins for Editor in 0.00 ms.
Unloading 3872 Unused Serialized files (Serialized files now loaded: 0)
System memory in use before: 202.2 MB.
System memory in use after: 198.4 MB.

Unloading 41 unused Assets to reduce memory usage. Loaded Objects now: 4795.
Total: 8.570500 ms (FindLiveObjects: 0.432400 ms CreateObjectMapping: 0.215700 ms MarkObjects: 3.189300 ms  DeleteObjects: 4.731500 ms)

========================================================================
Received Import Request.
  Time since last request: 1706.974574 seconds.
  path: Assets/verk3/Other/508854__smoker858__laser-gun-sound.mp3
  artifactKey: Guid(db5d826ceb87b06449b2f73df77448d3) Importer(815301076,1909f56bfc062723c751e8b465ee728b)
Start importing Assets/verk3/Other/508854__smoker858__laser-gun-sound.mp3 using Guid(db5d826ceb87b06449b2f73df77448d3) Importer(815301076,1909f56bfc062723c751e8b465ee728b)  -> (artifact id: '8c8b634a87eb80c301242ca2f2152e72') in 0.065251 seconds
  Import took 0.088067 seconds .

========================================================================
Received Import Request.
  Time since last request: 54.344022 seconds.
  path: Assets/verk3/Other/508854__smoker858__laser-gun-sound.mp3
  artifactKey: Guid(db5d826ceb87b06449b2f73df77448d3) Importer(815301076,1909f56bfc062723c751e8b465ee728b)
Start importing Assets/verk3/Other/508854__smoker858__laser-gun-sound.mp3 using Guid(db5d826ceb87b06449b2f73df77448d3) Importer(815301076,1909f56bfc062723c751e8b465ee728b)  -> (artifact id: '37fc38b51b2668b79eb9f1a18b792855') in 0.030742 seconds
  Import took 0.060328 seconds .

========================================================================
Received Import Request.
  Time since last request: 18.420606 seconds.
  path: Assets/verk3/Other/508854__smoker858__laser-gun-sound.mp3
  artifactKey: Guid(db5d826ceb87b06449b2f73df77448d3) Importer(815301076,1909f56bfc062723c751e8b465ee728b)
Start importing Assets/verk3/Other/508854__smoker858__laser-gun-sound.mp3 using Guid(db5d826ceb87b06449b2f73df77448d3) Importer(815301076,1909f56bfc062723c751e8b465ee728b)  -> (artifact id: '5696e1c6c3243ebc9574843a6badf60b') in 0.011562 seconds
  Import took 0.020891 seconds .

========================================================================
Received Import Request.
  Time since last request: 0.010074 seconds.
  path: Assets/verk3/Other/508854__smoker858__laser-gun-sound.mp3
  artifactKey: Guid(db5d826ceb87b06449b2f73df77448d3) Importer(815301076,1909f56bfc062723c751e8b465ee728b)
Start importing Assets/verk3/Other/508854__smoker858__laser-gun-sound.mp3 using Guid(db5d826ceb87b06449b2f73df77448d3) Importer(815301076,1909f56bfc062723c751e8b465ee728b)  -> (artifact id: '5696e1c6c3243ebc9574843a6badf60b') in 0.010438 seconds
  Import took 0.017400 seconds .

========================================================================
Received Import Request.
  Time since last request: 9.027912 seconds.
  path: Assets/verk3/Other/508854__smoker858__laser-gun-sound.mp3
  artifactKey: Guid(db5d826ceb87b06449b2f73df77448d3) Importer(815301076,1909f56bfc062723c751e8b465ee728b)
Start importing Assets/verk3/Other/508854__smoker858__laser-gun-sound.mp3 using Guid(db5d826ceb87b06449b2f73df77448d3) Importer(815301076,1909f56bfc062723c751e8b465ee728b)  -> (artifact id: '1b7ac5e69396135bde1e957ea152f915') in 0.010178 seconds
  Import took 0.043595 seconds .

========================================================================
Received Import Request.
  Time since last request: 0.001522 seconds.
  path: Assets/verk3/Other/508854__smoker858__laser-gun-sound.mp3
  artifactKey: Guid(db5d826ceb87b06449b2f73df77448d3) Importer(815301076,1909f56bfc062723c751e8b465ee728b)
Start importing Assets/verk3/Other/508854__smoker858__laser-gun-sound.mp3 using Guid(db5d826ceb87b06449b2f73df77448d3) Importer(815301076,1909f56bfc062723c751e8b465ee728b)  -> (artifact id: '1b7ac5e69396135bde1e957ea152f915') in 0.007861 seconds
  Import took 0.014601 seconds .

========================================================================
Received Prepare
Registering precompiled user dll's ...
Registered in 0.001547 seconds.
Begin MonoManager ReloadAssembly
Native extension for LinuxStandalone target not found
Native extension for WindowsStandalone target not found
Native extension for OSXStandalone target not found
Refreshing native plugins compatible for Editor in 0.67 ms, found 0 plugins.
Preloading 0 native plugins for Editor in 0.00 ms.
Invoked RoslynAnalysisRunner static constructor.
RoslynAnalysisRunner will not be running.
RoslynAnalysisRunner has terminated.
Mono: successfully reloaded assembly
- Completed reload, in  1.939 seconds
Platform modules already initialized, skipping
Refreshing native plugins compatible for Editor in 0.74 ms, found 0 plugins.
Preloading 0 native plugins for Editor in 0.00 ms.
Unloading 3872 Unused Serialized files (Serialized files now loaded: 0)
System memory in use before: 202.3 MB.
System memory in use after: 198.5 MB.

Unloading 41 unused Assets to reduce memory usage. Loaded Objects now: 4800.
Total: 7.276000 ms (FindLiveObjects: 0.586000 ms CreateObjectMapping: 0.271700 ms MarkObjects: 2.567500 ms  DeleteObjects: 3.848700 ms)

========================================================================
Received Import Request.
  Time since last request: 138.884827 seconds.
  path: Assets/verk2/gameplay_prefab.prefab
  artifactKey: Guid(af43ef243aebbce4f9a9dfd3460db03b) Importer(815301076,1909f56bfc062723c751e8b465ee728b)
Start importing Assets/verk2/gameplay_prefab.prefab using Guid(af43ef243aebbce4f9a9dfd3460db03b) Importer(815301076,1909f56bfc062723c751e8b465ee728b)  -> (artifact id: '970a67a775be10eb3ca7b96c9dbdeddc') in 0.711391 seconds
  Import took 0.732078 seconds .

========================================================================
Received Import Request.
  Time since last request: 6.700046 seconds.
  path: Assets/verk3/Prefabs/lightningBolt.prefab
  artifactKey: Guid(7f71f73b4050af247b2af59ffc8ca82a) Importer(815301076,1909f56bfc062723c751e8b465ee728b)
Start importing Assets/verk3/Prefabs/lightningBolt.prefab using Guid(7f71f73b4050af247b2af59ffc8ca82a) Importer(815301076,1909f56bfc062723c751e8b465ee728b)  -> (artifact id: 'c6f046dbb958d6c42f235787e7d79307') in 0.005890 seconds
  Import took 0.080546 seconds .

========================================================================
Received Import Request.
  Time since last request: 11.107489 seconds.
  path: Assets/verk3/Scenes/gameplay.unity
  artifactKey: Guid(fef91df2c054de044ab69a064d93bc9c) Importer(815301076,1909f56bfc062723c751e8b465ee728b)
Start importing Assets/verk3/Scenes/gameplay.unity using Guid(fef91df2c054de044ab69a064d93bc9c) Importer(815301076,1909f56bfc062723c751e8b465ee728b)  -> (artifact id: '1e31ba1645e5058e0772558d87577bbe') in 0.003962 seconds
  Import took 0.010104 seconds .

========================================================================
Received Import Request.
  Time since last request: 0.008137 seconds.
  path: Assets/verk3/Scenes/gameplay.unity
  artifactKey: Guid(fef91df2c054de044ab69a064d93bc9c) Importer(815301076,1909f56bfc062723c751e8b465ee728b)
Start importing Assets/verk3/Scenes/gameplay.unity using Guid(fef91df2c054de044ab69a064d93bc9c) Importer(815301076,1909f56bfc062723c751e8b465ee728b)  -> (artifact id: '1e31ba1645e5058e0772558d87577bbe') in 0.003306 seconds
  Import took 0.010446 seconds .

========================================================================
Received Prepare
Registering precompiled user dll's ...
Registered in 0.001335 seconds.
Begin MonoManager ReloadAssembly
Native extension for LinuxStandalone target not found
Native extension for WindowsStandalone target not found
Native extension for OSXStandalone target not found
Refreshing native plugins compatible for Editor in 1.29 ms, found 0 plugins.
Preloading 0 native plugins for Editor in 0.00 ms.
Invoked RoslynAnalysisRunner static constructor.
RoslynAnalysisRunner will not be running.
RoslynAnalysisRunner has terminated.
Mono: successfully reloaded assembly
- Completed reload, in  1.503 seconds
Platform modules already initialized, skipping
Refreshing native plugins compatible for Editor in 1.03 ms, found 0 plugins.
Preloading 0 native plugins for Editor in 0.00 ms.
Unloading 3872 Unused Serialized files (Serialized files now loaded: 0)
System memory in use before: 202.7 MB.
System memory in use after: 198.9 MB.

Unloading 41 unused Assets to reduce memory usage. Loaded Objects now: 4905.
Total: 7.183600 ms (FindLiveObjects: 0.678100 ms CreateObjectMapping: 0.320600 ms MarkObjects: 2.815000 ms  DeleteObjects: 3.368100 ms)

========================================================================
Received Import Request.
  Time since last request: 164.932405 seconds.
  path: Assets/verk3/Other/416838__tonsil5__grunt2-death-pain.wav
  artifactKey: Guid(fc1e027422f00f749a5917d5edf25a5d) Importer(815301076,1909f56bfc062723c751e8b465ee728b)
Start importing Assets/verk3/Other/416838__tonsil5__grunt2-death-pain.wav using Guid(fc1e027422f00f749a5917d5edf25a5d) Importer(815301076,1909f56bfc062723c751e8b465ee728b)  -> (artifact id: '39b9f6316a87db55a085abfea38ef8d6') in 0.048186 seconds
  Import took 0.426851 seconds .

========================================================================
Received Import Request.
  Time since last request: 38.868923 seconds.
  path: Assets/verk3/Other/416838__tonsil5__grunt2-death-pain.wav
  artifactKey: Guid(fc1e027422f00f749a5917d5edf25a5d) Importer(815301076,1909f56bfc062723c751e8b465ee728b)
Start importing Assets/verk3/Other/416838__tonsil5__grunt2-death-pain.wav using Guid(fc1e027422f00f749a5917d5edf25a5d) Importer(815301076,1909f56bfc062723c751e8b465ee728b)  -> (artifact id: '1f7b84efbfa232f2f748f2699af77935') in 0.011073 seconds
  Import took 0.828882 seconds .

========================================================================
Received Import Request.
  Time since last request: 0.009503 seconds.
  path: Assets/verk3/Other/416838__tonsil5__grunt2-death-pain.wav
  artifactKey: Guid(fc1e027422f00f749a5917d5edf25a5d) Importer(815301076,1909f56bfc062723c751e8b465ee728b)
Start importing Assets/verk3/Other/416838__tonsil5__grunt2-death-pain.wav using Guid(fc1e027422f00f749a5917d5edf25a5d) Importer(815301076,1909f56bfc062723c751e8b465ee728b)  -> (artifact id: '1f7b84efbfa232f2f748f2699af77935') in 0.026129 seconds
  Import took 0.032784 seconds .

========================================================================
Received Prepare
Registering precompiled user dll's ...
Registered in 0.001420 seconds.
Begin MonoManager ReloadAssembly
Native extension for LinuxStandalone target not found
Native extension for WindowsStandalone target not found
Native extension for OSXStandalone target not found
Refreshing native plugins compatible for Editor in 0.71 ms, found 0 plugins.
Preloading 0 native plugins for Editor in 0.00 ms.
Invoked RoslynAnalysisRunner static constructor.
RoslynAnalysisRunner will not be running.
RoslynAnalysisRunner has terminated.
Mono: successfully reloaded assembly
- Completed reload, in  1.141 seconds
Platform modules already initialized, skipping
Refreshing native plugins compatible for Editor in 0.97 ms, found 0 plugins.
Preloading 0 native plugins for Editor in 0.00 ms.
Unloading 3872 Unused Serialized files (Serialized files now loaded: 0)
System memory in use before: 202.7 MB.
System memory in use after: 198.9 MB.

Unloading 41 unused Assets to reduce memory usage. Loaded Objects now: 4908.
Total: 7.147600 ms (FindLiveObjects: 0.497900 ms CreateObjectMapping: 0.513400 ms MarkObjects: 2.554700 ms  DeleteObjects: 3.580000 ms)

========================================================================
Received Prepare
Registering precompiled user dll's ...
Registered in 0.002057 seconds.
Begin MonoManager ReloadAssembly
Native extension for LinuxStandalone target not found
Native extension for WindowsStandalone target not found
Native extension for OSXStandalone target not found
Refreshing native plugins compatible for Editor in 0.74 ms, found 0 plugins.
Preloading 0 native plugins for Editor in 0.00 ms.
Invoked RoslynAnalysisRunner static constructor.
RoslynAnalysisRunner will not be running.
RoslynAnalysisRunner has terminated.
Mono: successfully reloaded assembly
- Completed reload, in  1.202 seconds
Platform modules already initialized, skipping
Refreshing native plugins compatible for Editor in 0.74 ms, found 0 plugins.
Preloading 0 native plugins for Editor in 0.00 ms.
Unloading 3872 Unused Serialized files (Serialized files now loaded: 0)
System memory in use before: 202.7 MB.
System memory in use after: 198.9 MB.

Unloading 41 unused Assets to reduce memory usage. Loaded Objects now: 4910.
Total: 7.196400 ms (FindLiveObjects: 0.442400 ms CreateObjectMapping: 0.219000 ms MarkObjects: 2.692700 ms  DeleteObjects: 3.840600 ms)

========================================================================
Received Prepare
Registering precompiled user dll's ...
Registered in 0.001537 seconds.
Begin MonoManager ReloadAssembly
Native extension for LinuxStandalone target not found
Native extension for WindowsStandalone target not found
Native extension for OSXStandalone target not found
Refreshing native plugins compatible for Editor in 0.71 ms, found 0 plugins.
Preloading 0 native plugins for Editor in 0.00 ms.
Invoked RoslynAnalysisRunner static constructor.
RoslynAnalysisRunner will not be running.
RoslynAnalysisRunner has terminated.
Mono: successfully reloaded assembly
- Completed reload, in  1.445 seconds
Platform modules already initialized, skipping
Refreshing native plugins compatible for Editor in 0.81 ms, found 0 plugins.
Preloading 0 native plugins for Editor in 0.00 ms.
Unloading 3872 Unused Serialized files (Serialized files now loaded: 0)
System memory in use before: 202.7 MB.
System memory in use after: 198.9 MB.

Unloading 41 unused Assets to reduce memory usage. Loaded Objects now: 4912.
Total: 7.019400 ms (FindLiveObjects: 0.402300 ms CreateObjectMapping: 0.214300 ms MarkObjects: 2.501700 ms  DeleteObjects: 3.899500 ms)

========================================================================
Received Prepare
Registering precompiled user dll's ...
Registered in 0.003045 seconds.
Begin MonoManager ReloadAssembly
Native extension for LinuxStandalone target not found
Native extension for WindowsStandalone target not found
Native extension for OSXStandalone target not found
Refreshing native plugins compatible for Editor in 0.91 ms, found 0 plugins.
Preloading 0 native plugins for Editor in 0.00 ms.
Invoked RoslynAnalysisRunner static constructor.
RoslynAnalysisRunner will not be running.
RoslynAnalysisRunner has terminated.
Mono: successfully reloaded assembly
- Completed reload, in  1.595 seconds
Platform modules already initialized, skipping
Refreshing native plugins compatible for Editor in 1.43 ms, found 0 plugins.
Preloading 0 native plugins for Editor in 0.00 ms.
Unloading 3872 Unused Serialized files (Serialized files now loaded: 0)
System memory in use before: 202.7 MB.
System memory in use after: 198.9 MB.

Unloading 41 unused Assets to reduce memory usage. Loaded Objects now: 4914.
Total: 8.608600 ms (FindLiveObjects: 0.563400 ms CreateObjectMapping: 0.293100 ms MarkObjects: 3.581500 ms  DeleteObjects: 4.168600 ms)

========================================================================
Received Prepare
Registering precompiled user dll's ...
Registered in 0.028586 seconds.
Begin MonoManager ReloadAssembly
Native extension for LinuxStandalone target not found
Native extension for WindowsStandalone target not found
Native extension for OSXStandalone target not found
Refreshing native plugins compatible for Editor in 0.69 ms, found 0 plugins.
Preloading 0 native plugins for Editor in 0.00 ms.
Invoked RoslynAnalysisRunner static constructor.
RoslynAnalysisRunner will not be running.
RoslynAnalysisRunner has terminated.
Mono: successfully reloaded assembly
- Completed reload, in  4.348 seconds
Platform modules already initialized, skipping
Refreshing native plugins compatible for Editor in 1.28 ms, found 0 plugins.
Preloading 0 native plugins for Editor in 0.00 ms.
Unloading 3872 Unused Serialized files (Serialized files now loaded: 0)
System memory in use before: 202.8 MB.
System memory in use after: 198.9 MB.

Unloading 41 unused Assets to reduce memory usage. Loaded Objects now: 4916.
Total: 6.999700 ms (FindLiveObjects: 0.632100 ms CreateObjectMapping: 0.291900 ms MarkObjects: 2.554500 ms  DeleteObjects: 3.519700 ms)

========================================================================
Received Prepare
Registering precompiled user dll's ...
Registered in 0.034889 seconds.
Begin MonoManager ReloadAssembly
Native extension for LinuxStandalone target not found
Native extension for WindowsStandalone target not found
Native extension for OSXStandalone target not found
Refreshing native plugins compatible for Editor in 1.35 ms, found 0 plugins.
Preloading 0 native plugins for Editor in 0.00 ms.
Invoked RoslynAnalysisRunner static constructor.
RoslynAnalysisRunner will not be running.
RoslynAnalysisRunner has terminated.
Mono: successfully reloaded assembly
- Completed reload, in  3.874 seconds
Platform modules already initialized, skipping
Refreshing native plugins compatible for Editor in 0.97 ms, found 0 plugins.
Preloading 0 native plugins for Editor in 0.00 ms.
Unloading 3872 Unused Serialized files (Serialized files now loaded: 0)
System memory in use before: 202.7 MB.
System memory in use after: 198.9 MB.

Unloading 41 unused Assets to reduce memory usage. Loaded Objects now: 4918.
Total: 9.319900 ms (FindLiveObjects: 0.504000 ms CreateObjectMapping: 0.280000 ms MarkObjects: 4.072200 ms  DeleteObjects: 4.461800 ms)

========================================================================
Received Prepare
Registering precompiled user dll's ...
Registered in 0.001456 seconds.
Begin MonoManager ReloadAssembly
Native extension for LinuxStandalone target not found
Native extension for WindowsStandalone target not found
Native extension for OSXStandalone target not found
Refreshing native plugins compatible for Editor in 0.68 ms, found 0 plugins.
Preloading 0 native plugins for Editor in 0.00 ms.
Invoked RoslynAnalysisRunner static constructor.
RoslynAnalysisRunner will not be running.
RoslynAnalysisRunner has terminated.
Mono: successfully reloaded assembly
- Completed reload, in  1.648 seconds
Platform modules already initialized, skipping
Refreshing native plugins compatible for Editor in 1.24 ms, found 0 plugins.
Preloading 0 native plugins for Editor in 0.00 ms.
Unloading 3872 Unused Serialized files (Serialized files now loaded: 0)
System memory in use before: 202.7 MB.
System memory in use after: 199.0 MB.

Unloading 41 unused Assets to reduce memory usage. Loaded Objects now: 4920.
Total: 10.029500 ms (FindLiveObjects: 0.778400 ms CreateObjectMapping: 0.472300 ms MarkObjects: 5.208100 ms  DeleteObjects: 3.567900 ms)

AssetImportWorkerClient::OnTransportError - code=2 error=End of file
