Using pre-set license
Built from '2020.3/staging' branch; Version is '2020.3.6f1 (338bb68529b2) revision 3378102'; Using compiler version '192528614'; Build Type 'Release'
OS: 'Windows 10 Home; OS build 19042.928; Version 2009; 64bit' Language: 'en' Physical Memory: 16318 MB
BatchMode: 1, IsHumanControllingUs: 0, StartBugReporterOnCrash: 0, Is64bit: 1, IsPro: 0

 COMMAND LINE ARGUMENTS:
C:\Program Files\Unity\Hub\Editor\2020.3.6f1\Editor\Unity.exe
-adb2
-batchMode
-noUpm
-name
AssetImportWorker3
-projectPath
K:/FORR2GL-21V
-logFile
Logs/AssetImportWorker3.log
-srvPort
64010
Successfully changed project path to: K:/FORR2GL-21V
K:/FORR2GL-21V
Using Asset Import Pipeline V2.
Refreshing native plugins compatible for Editor in 122.62 ms, found 0 plugins.
Preloading 0 native plugins for Editor in 0.00 ms.
Initialize engine version: 2020.3.6f1 (338bb68529b2)
[Subsystems] Discovering subsystems at path C:/Program Files/Unity/Hub/Editor/2020.3.6f1/Editor/Data/Resources/UnitySubsystems
[Subsystems] Discovering subsystems at path K:/FORR2GL-21V/Assets
GfxDevice: creating device client; threaded=0
Direct3D:
    Version:  Direct3D 11.0 [level 11.1]
    Renderer: NVIDIA GeForce GTX 1070 Ti (ID=0x1b82)
    Vendor:   
    VRAM:     8079 MB
    Driver:   27.21.14.6611
Shader 'Universal Render Pipeline/Particles/Lit': fallback shader 'Universal Render Pipeline/Particles/SimpleLit' not found
Initialize mono
Mono path[0] = 'C:/Program Files/Unity/Hub/Editor/2020.3.6f1/Editor/Data/Managed'
Mono path[1] = 'C:/Program Files/Unity/Hub/Editor/2020.3.6f1/Editor/Data/MonoBleedingEdge/lib/mono/unityjit'
Mono config path = 'C:/Program Files/Unity/Hub/Editor/2020.3.6f1/Editor/Data/MonoBleedingEdge/etc'
Using monoOptions --debugger-agent=transport=dt_socket,embedding=1,server=y,suspend=n,address=127.0.0.1:56648
Begin MonoManager ReloadAssembly
Registering precompiled unity dll's ...
Register platform support module: C:/Program Files/Unity/Hub/Editor/2020.3.6f1/Editor/Data/PlaybackEngines/WebGLSupport/UnityEditor.WebGL.Extensions.dll
Register platform support module: C:/Program Files/Unity/Hub/Editor/2020.3.6f1/Editor/Data/PlaybackEngines/WindowsStandaloneSupport/UnityEditor.WindowsStandalone.Extensions.dll
Registered in 0.002842 seconds.
Native extension for WindowsStandalone target not found
Native extension for WebGL target not found
Refreshing native plugins compatible for Editor in 119.87 ms, found 0 plugins.
Preloading 0 native plugins for Editor in 0.00 ms.
Mono: successfully reloaded assembly
- Completed reload, in  1.380 seconds
Platform modules already initialized, skipping
Registering precompiled user dll's ...
Registered in 0.002612 seconds.
Begin MonoManager ReloadAssembly
Native extension for WindowsStandalone target not found
Native extension for WebGL target not found
Refreshing native plugins compatible for Editor in 112.17 ms, found 0 plugins.
Preloading 0 native plugins for Editor in 0.00 ms.
Mono: successfully reloaded assembly
- Completed reload, in  6.420 seconds
Platform modules already initialized, skipping
========================================================================
Worker process is ready to serve import requests
Shader 'Universal Render Pipeline/Particles/Lit': fallback shader 'Universal Render Pipeline/Particles/SimpleLit' not found
Launched and connected shader compiler UnityShaderCompiler.exe after 0.06 seconds
Refreshing native plugins compatible for Editor in 1.31 ms, found 0 plugins.
Preloading 0 native plugins for Editor in 0.00 ms.
Unloading 4825 Unused Serialized files (Serialized files now loaded: 0)
System memory in use before: 238.5 MB.
System memory in use after: 238.4 MB.

Unloading 17 unused Assets to reduce memory usage. Loaded Objects now: 5292.
Total: 9.589800 ms (FindLiveObjects: 3.188500 ms CreateObjectMapping: 0.856300 ms MarkObjects: 5.160400 ms  DeleteObjects: 0.380200 ms)

========================================================================
Received Import Request.
  path: Assets/Standard Assets/Vehicles/Aircraft/Textures/AircraftPropellerBlur02WhiteAlbedo.png
  artifactKey: Guid(5d71e30febe908949a93dafb077b4ec9) Importer(815301076,1909f56bfc062723c751e8b465ee728b)
Start importing Assets/Standard Assets/Vehicles/Aircraft/Textures/AircraftPropellerBlur02WhiteAlbedo.png using Guid(5d71e30febe908949a93dafb077b4ec9) Importer(815301076,1909f56bfc062723c751e8b465ee728b)  -> (artifact id: '33cca8070030822b914f37115ac0de55') in 0.168250 seconds
  Import took 0.190128 seconds .

========================================================================
Received Import Request.
  Time since last request: 0.000317 seconds.
  path: Assets/Standard Assets/Vehicles/Aircraft/Textures/AircraftPropellerBlur02GreyAlbedo.png
  artifactKey: Guid(da369a9e24c14b04da8e0be4d9fbee0c) Importer(815301076,1909f56bfc062723c751e8b465ee728b)
Start importing Assets/Standard Assets/Vehicles/Aircraft/Textures/AircraftPropellerBlur02GreyAlbedo.png using Guid(da369a9e24c14b04da8e0be4d9fbee0c) Importer(815301076,1909f56bfc062723c751e8b465ee728b)  -> (artifact id: '3c2c84574e86521eb9ca8fb1e3100491') in 0.137961 seconds
  Import took 0.150913 seconds .

========================================================================
Received Import Request.
  Time since last request: 0.000294 seconds.
  path: Assets/UniversalRenderPipelineAsset.asset
  artifactKey: Guid(6b7e71880ca13a449bcb9495b39d054e) Importer(815301076,1909f56bfc062723c751e8b465ee728b)
Start importing Assets/UniversalRenderPipelineAsset.asset using Guid(6b7e71880ca13a449bcb9495b39d054e) Importer(815301076,1909f56bfc062723c751e8b465ee728b)  -> (artifact id: '5ffa782c3906107a0c1260e7a3824f10') in 0.082400 seconds
  Import took 0.099198 seconds .

========================================================================
Received Import Request.
  Time since last request: 0.000303 seconds.
  path: Assets/Standard Assets/Vehicles/Aircraft/Materials/AircraftFuselageWhite_MaskMap.png
  artifactKey: Guid(824c33b1c642de540a5b6314d45b1625) Importer(815301076,1909f56bfc062723c751e8b465ee728b)
Start importing Assets/Standard Assets/Vehicles/Aircraft/Materials/AircraftFuselageWhite_MaskMap.png using Guid(824c33b1c642de540a5b6314d45b1625) Importer(815301076,1909f56bfc062723c751e8b465ee728b)  -> (artifact id: '7d24115dc2f5bd84a4a2718a33395753') in 0.234763 seconds
  Import took 0.246823 seconds .

========================================================================
Received Import Request.
  Time since last request: 0.000310 seconds.
  path: Assets/SampleScenes/Textures/GUIButtonSwitchRight.png
  artifactKey: Guid(18ae03f5df3df2e47815aff6f3c6e50c) Importer(815301076,1909f56bfc062723c751e8b465ee728b)
Start importing Assets/SampleScenes/Textures/GUIButtonSwitchRight.png using Guid(18ae03f5df3df2e47815aff6f3c6e50c) Importer(815301076,1909f56bfc062723c751e8b465ee728b)  -> (artifact id: 'aed6a3266e9cef20937f3ad25f9c5b6a') in 0.054090 seconds
  Import took 0.063322 seconds .

========================================================================
Received Import Request.
  Time since last request: 0.000197 seconds.
  path: Assets/Standard Assets/Vehicles/Aircraft/Textures/AircraftPropellerBlur01WhiteAlbedo.png
  artifactKey: Guid(a01d24876a1472b408ba8e5f0bf3a23f) Importer(815301076,1909f56bfc062723c751e8b465ee728b)
Start importing Assets/Standard Assets/Vehicles/Aircraft/Textures/AircraftPropellerBlur01WhiteAlbedo.png using Guid(a01d24876a1472b408ba8e5f0bf3a23f) Importer(815301076,1909f56bfc062723c751e8b465ee728b)  -> (artifact id: '279c8b5e05c01a2b50692307fecd5f2e') in 0.041656 seconds
  Import took 0.049740 seconds .

========================================================================
Received Import Request.
  Time since last request: 0.000775 seconds.
  path: Assets/Standard Assets/Vehicles/Aircraft/Textures/AircraftPropellerBlur03WhiteAlbedo.png
  artifactKey: Guid(0d0e2aad9fc8ad04ba15c42753f8b797) Importer(815301076,1909f56bfc062723c751e8b465ee728b)
Start importing Assets/Standard Assets/Vehicles/Aircraft/Textures/AircraftPropellerBlur03WhiteAlbedo.png using Guid(0d0e2aad9fc8ad04ba15c42753f8b797) Importer(815301076,1909f56bfc062723c751e8b465ee728b)  -> (artifact id: '67d55f327b3192e171d32d3ddffe5e75') in 0.100440 seconds
  Import took 0.110418 seconds .

========================================================================
Received Import Request.
  Time since last request: 0.000245 seconds.
  path: Assets/Standard Assets/Vehicles/Aircraft/Materials/AircraftWingsPropellersWhite_MaskMap.png
  artifactKey: Guid(323f9a68b27dcd946af4649277122523) Importer(815301076,1909f56bfc062723c751e8b465ee728b)
Start importing Assets/Standard Assets/Vehicles/Aircraft/Materials/AircraftWingsPropellersWhite_MaskMap.png using Guid(323f9a68b27dcd946af4649277122523) Importer(815301076,1909f56bfc062723c751e8b465ee728b)  -> (artifact id: 'b4f213cf30f2987fa44e479ad1426151') in 0.075294 seconds
  Import took 0.083644 seconds .

========================================================================
Received Import Request.
  Time since last request: 0.003817 seconds.
  path: Assets/SampleScenes/Textures/GUIButtonSwitchLeft.png
  artifactKey: Guid(9f5ab9ae73e0b44818b90bdd62dbf028) Importer(815301076,1909f56bfc062723c751e8b465ee728b)
Start importing Assets/SampleScenes/Textures/GUIButtonSwitchLeft.png using Guid(9f5ab9ae73e0b44818b90bdd62dbf028) Importer(815301076,1909f56bfc062723c751e8b465ee728b)  -> (artifact id: 'aed124a29645645dbe0683cabf0b5eea') in 0.043520 seconds
  Import took 0.053156 seconds .

========================================================================
Received Import Request.
  Time since last request: 0.000251 seconds.
  path: Assets/verk4/Textures/FloorWaterRoundCorners.png
  artifactKey: Guid(957383e82ad8601499ca4cac1dd1214a) Importer(815301076,1909f56bfc062723c751e8b465ee728b)
Start importing Assets/verk4/Textures/FloorWaterRoundCorners.png using Guid(957383e82ad8601499ca4cac1dd1214a) Importer(815301076,1909f56bfc062723c751e8b465ee728b)  -> (artifact id: 'e4e9cc0cfc30587ef970ab82b59b1acd') in 0.123878 seconds
  Import took 0.132210 seconds .

========================================================================
Received Import Request.
  Time since last request: 0.000318 seconds.
  path: Assets/Standard Assets/Vehicles/Aircraft/Textures/AircraftWingsPropellerOcclusion.png
  artifactKey: Guid(0ad6f20f99271564d93962d2b51bf9b0) Importer(815301076,1909f56bfc062723c751e8b465ee728b)
Start importing Assets/Standard Assets/Vehicles/Aircraft/Textures/AircraftWingsPropellerOcclusion.png using Guid(0ad6f20f99271564d93962d2b51bf9b0) Importer(815301076,1909f56bfc062723c751e8b465ee728b)  -> (artifact id: 'aabfbbf74976207eab86dd553b2b6460') in 0.181551 seconds
  Import took 0.190272 seconds .

========================================================================
Received Import Request.
  Time since last request: 0.000301 seconds.
  path: Assets/Standard Assets/Vehicles/Aircraft/Textures/AircraftFuselageNormals.png
  artifactKey: Guid(c7e9ae087ac710a4980ed418c192e2fb) Importer(815301076,1909f56bfc062723c751e8b465ee728b)
Start importing Assets/Standard Assets/Vehicles/Aircraft/Textures/AircraftFuselageNormals.png using Guid(c7e9ae087ac710a4980ed418c192e2fb) Importer(815301076,1909f56bfc062723c751e8b465ee728b)  -> (artifact id: '00f55e9886473ea357ef73359e03cabf') in 0.280555 seconds
  Import took 0.289825 seconds .

========================================================================
Received Import Request.
  Time since last request: 0.000248 seconds.
  path: Assets/Standard Assets/CrossPlatformInput/Sprites/ButtonTimescaleSlowUpSprite.png
  artifactKey: Guid(9d7c6e4896067aa4fa512a00f692ac1c) Importer(815301076,1909f56bfc062723c751e8b465ee728b)
Start importing Assets/Standard Assets/CrossPlatformInput/Sprites/ButtonTimescaleSlowUpSprite.png using Guid(9d7c6e4896067aa4fa512a00f692ac1c) Importer(815301076,1909f56bfc062723c751e8b465ee728b)  -> (artifact id: '0c8450ca4c9869106ddc8961384c4e6f') in 0.091772 seconds
  Import took 0.099455 seconds .

========================================================================
Received Import Request.
  Time since last request: 0.001545 seconds.
  path: Assets/Standard Assets/Characters/ThirdPersonCharacter/Materials/EthanWhite_MaskMap.png
  artifactKey: Guid(f116887a5d0a0374b8e1f91d0cdefec8) Importer(815301076,1909f56bfc062723c751e8b465ee728b)
Start importing Assets/Standard Assets/Characters/ThirdPersonCharacter/Materials/EthanWhite_MaskMap.png using Guid(f116887a5d0a0374b8e1f91d0cdefec8) Importer(815301076,1909f56bfc062723c751e8b465ee728b)  -> (artifact id: '44aa644f685b556cb2479507cf96bf95') in 0.067706 seconds
  Import took 0.080441 seconds .

========================================================================
Received Import Request.
  Time since last request: 0.000317 seconds.
  path: Assets/Standard Assets/Vehicles/Aircraft/Materials/AircraftWingsJetWhite_MaskMap.png
  artifactKey: Guid(5effe5fbf57f7b14182395adf1821930) Importer(815301076,1909f56bfc062723c751e8b465ee728b)
Start importing Assets/Standard Assets/Vehicles/Aircraft/Materials/AircraftWingsJetWhite_MaskMap.png using Guid(5effe5fbf57f7b14182395adf1821930) Importer(815301076,1909f56bfc062723c751e8b465ee728b)  -> (artifact id: '97549fd3c71f7a08ba15175436034ba1') in 0.097974 seconds
  Import took 0.108773 seconds .

========================================================================
Received Import Request.
  Time since last request: 0.000238 seconds.
  path: Assets/Standard Assets/CrossPlatformInput/Sprites/ButtonArrowOverSprite.png
  artifactKey: Guid(49b611e658efbf443b686a4036f74fe3) Importer(815301076,1909f56bfc062723c751e8b465ee728b)
Start importing Assets/Standard Assets/CrossPlatformInput/Sprites/ButtonArrowOverSprite.png using Guid(49b611e658efbf443b686a4036f74fe3) Importer(815301076,1909f56bfc062723c751e8b465ee728b)  -> (artifact id: '5679aae518b0199a48a52abb6b99b717') in 0.092411 seconds
  Import took 0.100879 seconds .

========================================================================
Received Import Request.
  Time since last request: 0.000224 seconds.
  path: Assets/Standard Assets/Vehicles/Aircraft/Textures/AircraftWingsJetOcclusion.png
  artifactKey: Guid(a2203213fc4dd244e90e1e9d1862c097) Importer(815301076,1909f56bfc062723c751e8b465ee728b)
Start importing Assets/Standard Assets/Vehicles/Aircraft/Textures/AircraftWingsJetOcclusion.png using Guid(a2203213fc4dd244e90e1e9d1862c097) Importer(815301076,1909f56bfc062723c751e8b465ee728b)  -> (artifact id: 'a7e33e24379ae9a384773485a10897fd') in 0.215423 seconds
  Import took 0.225398 seconds .

========================================================================
Received Import Request.
  Time since last request: 0.000287 seconds.
  path: Assets/Standard Assets/Vehicles/Aircraft/Textures/AircraftWingsPropellerNormals.png
  artifactKey: Guid(5b834380674bf7e48ade2f253138543f) Importer(815301076,1909f56bfc062723c751e8b465ee728b)
Start importing Assets/Standard Assets/Vehicles/Aircraft/Textures/AircraftWingsPropellerNormals.png using Guid(5b834380674bf7e48ade2f253138543f) Importer(815301076,1909f56bfc062723c751e8b465ee728b)  -> (artifact id: 'f1815055185ad16d43a479ea636d1cb3') in 0.286671 seconds
  Import took 0.300617 seconds .

========================================================================
Received Import Request.
  Time since last request: 0.000202 seconds.
  path: Assets/Standard Assets/Vehicles/Aircraft/Textures/AircraftPropellerBlur01GreyAlbedo.png
  artifactKey: Guid(9bae725505bdaf5488cd1720e6f829bd) Importer(815301076,1909f56bfc062723c751e8b465ee728b)
Start importing Assets/Standard Assets/Vehicles/Aircraft/Textures/AircraftPropellerBlur01GreyAlbedo.png using Guid(9bae725505bdaf5488cd1720e6f829bd) Importer(815301076,1909f56bfc062723c751e8b465ee728b)  -> (artifact id: '54cb4ed137655f2a6ce04cc990e7517b') in 0.044669 seconds
  Import took 0.056861 seconds .

========================================================================
Received Import Request.
  Time since last request: 0.000205 seconds.
  path: Assets/Standard Assets/2D/Sprites/BackgroundGreyGridSprite.png
  artifactKey: Guid(cbbabe9e292f5604897926494bb38fef) Importer(815301076,1909f56bfc062723c751e8b465ee728b)
Start importing Assets/Standard Assets/2D/Sprites/BackgroundGreyGridSprite.png using Guid(cbbabe9e292f5604897926494bb38fef) Importer(815301076,1909f56bfc062723c751e8b465ee728b)  -> (artifact id: '32809c6c1ce4b9ae5ac46f9670918cd8') in 0.065500 seconds
  Import took 0.074330 seconds .

========================================================================
Received Import Request.
  Time since last request: 0.000211 seconds.
  path: Assets/Standard Assets/Vehicles/Aircraft/Textures/AircraftPropellerBlur03GreyAlbedo.png
  artifactKey: Guid(2beb3362d4b99ed40890889c97d63cd4) Importer(815301076,1909f56bfc062723c751e8b465ee728b)
Start importing Assets/Standard Assets/Vehicles/Aircraft/Textures/AircraftPropellerBlur03GreyAlbedo.png using Guid(2beb3362d4b99ed40890889c97d63cd4) Importer(815301076,1909f56bfc062723c751e8b465ee728b)  -> (artifact id: '13b27d49757eb7f02c1b11140dde9585') in 0.045393 seconds
  Import took 0.055659 seconds .

========================================================================
Received Import Request.
  Time since last request: 0.000208 seconds.
  path: Assets/Standard Assets/2D/Sprites/BackgroundNavyGridSprite.png
  artifactKey: Guid(1d0c184845252df44a655359de388cb8) Importer(815301076,1909f56bfc062723c751e8b465ee728b)
Start importing Assets/Standard Assets/2D/Sprites/BackgroundNavyGridSprite.png using Guid(1d0c184845252df44a655359de388cb8) Importer(815301076,1909f56bfc062723c751e8b465ee728b)  -> (artifact id: '62ad2b8fb25d38cae78f2ca01afba472') in 0.044357 seconds
  Import took 0.052909 seconds .

========================================================================
Received Import Request.
  Time since last request: 0.000187 seconds.
  path: Assets/Standard Assets/CrossPlatformInput/Sprites/ButtonArrowUpSprite.png
  artifactKey: Guid(4db017495c69e8140a56a0e2b669e3f8) Importer(815301076,1909f56bfc062723c751e8b465ee728b)
Start importing Assets/Standard Assets/CrossPlatformInput/Sprites/ButtonArrowUpSprite.png using Guid(4db017495c69e8140a56a0e2b669e3f8) Importer(815301076,1909f56bfc062723c751e8b465ee728b)  -> (artifact id: '5e5fd807fec1d7215b912fc042f393f8') in 0.046488 seconds
  Import took 0.054964 seconds .

========================================================================
Received Import Request.
  Time since last request: 0.000347 seconds.
  path: Assets/Standard Assets/Vehicles/Aircraft/Textures/AircraftWingsJetNormals.png
  artifactKey: Guid(f7c27487b4792e640b8816a7e0e2f5dd) Importer(815301076,1909f56bfc062723c751e8b465ee728b)
Start importing Assets/Standard Assets/Vehicles/Aircraft/Textures/AircraftWingsJetNormals.png using Guid(f7c27487b4792e640b8816a7e0e2f5dd) Importer(815301076,1909f56bfc062723c751e8b465ee728b)  -> (artifact id: 'ea7b123b57e3c0101dd74ac27b398199') in 0.267981 seconds
  Import took 0.286303 seconds .

========================================================================
Received Import Request.
  Time since last request: 0.000318 seconds.
  path: Assets/UniversalRenderPipelineAsset_Renderer.asset
  artifactKey: Guid(e44b96c0bc1bbeb44ba072375875f240) Importer(815301076,1909f56bfc062723c751e8b465ee728b)
Start importing Assets/UniversalRenderPipelineAsset_Renderer.asset using Guid(e44b96c0bc1bbeb44ba072375875f240) Importer(815301076,1909f56bfc062723c751e8b465ee728b)  -> (artifact id: '9496eb3360dcb6dde352206cff240a2e') in 0.016264 seconds
  Import took 0.027652 seconds .

========================================================================
Received Import Request.
  Time since last request: 0.000525 seconds.
  path: Assets/Standard Assets/Vehicles/Aircraft/Materials/AircraftFuselageGrey_MaskMap.png
  artifactKey: Guid(b1e943d73901d1040ac06007b966ff45) Importer(815301076,1909f56bfc062723c751e8b465ee728b)
Start importing Assets/Standard Assets/Vehicles/Aircraft/Materials/AircraftFuselageGrey_MaskMap.png using Guid(b1e943d73901d1040ac06007b966ff45) Importer(815301076,1909f56bfc062723c751e8b465ee728b)  -> (artifact id: '785c865e0bdd13f0434c7117a26f8f01') in 0.104606 seconds
  Import took 0.115900 seconds .

========================================================================
Received Import Request.
  Time since last request: 0.000204 seconds.
  path: Assets/Standard Assets/Vehicles/Aircraft/Textures/AircraftFuselageOcclusion.png
  artifactKey: Guid(d378ff11c42566d46b0b11cd91eca3a3) Importer(815301076,1909f56bfc062723c751e8b465ee728b)
Start importing Assets/Standard Assets/Vehicles/Aircraft/Textures/AircraftFuselageOcclusion.png using Guid(d378ff11c42566d46b0b11cd91eca3a3) Importer(815301076,1909f56bfc062723c751e8b465ee728b)  -> (artifact id: '04edd02b4bd7df9410c92b767d09a80d') in 0.205448 seconds
  Import took 0.213405 seconds .

========================================================================
Received Import Request.
  Time since last request: 0.000264 seconds.
  path: Assets/verk4/Textures/FloorWaterSquareCorners.png
  artifactKey: Guid(56dfe645f43c419458abb426118088e5) Importer(815301076,1909f56bfc062723c751e8b465ee728b)
Start importing Assets/verk4/Textures/FloorWaterSquareCorners.png using Guid(56dfe645f43c419458abb426118088e5) Importer(815301076,1909f56bfc062723c751e8b465ee728b)  -> (artifact id: 'f732f437da3fa1d6ae6e1c7801bed8e3') in 0.066303 seconds
  Import took 0.073245 seconds .

========================================================================
Received Import Request.
  Time since last request: 0.000248 seconds.
  path: Assets/Standard Assets/Vehicles/Aircraft/Materials/AircraftWingsPropellersGrey_MaskMap.png
  artifactKey: Guid(0253d1f9d35dd294a97fa2375a1e1a51) Importer(815301076,1909f56bfc062723c751e8b465ee728b)
Start importing Assets/Standard Assets/Vehicles/Aircraft/Materials/AircraftWingsPropellersGrey_MaskMap.png using Guid(0253d1f9d35dd294a97fa2375a1e1a51) Importer(815301076,1909f56bfc062723c751e8b465ee728b)  -> (artifact id: '31fdf5390ff6bb6e5c34bab3b8e1310f') in 0.137993 seconds
  Import took 0.146828 seconds .

========================================================================
Received Import Request.
  Time since last request: 0.000222 seconds.
  path: Assets/Standard Assets/Vehicles/Aircraft/Materials/AircraftWingsJetGrey_MaskMap.png
  artifactKey: Guid(11038fc454586ad4eb11540bf48ee340) Importer(815301076,1909f56bfc062723c751e8b465ee728b)
Start importing Assets/Standard Assets/Vehicles/Aircraft/Materials/AircraftWingsJetGrey_MaskMap.png using Guid(11038fc454586ad4eb11540bf48ee340) Importer(815301076,1909f56bfc062723c751e8b465ee728b)  -> (artifact id: '4e85c8de899354e818c640c47fca5f56') in 0.098664 seconds
  Import took 0.105378 seconds .

========================================================================
Received Prepare
Switching render pipeline c0ec4bbe98481484eb10c761e08f08df -> 6b7e71880ca13a449bcb9495b39d054e
Shader 'Universal Render Pipeline/Particles/Lit': fallback shader 'Universal Render Pipeline/Particles/SimpleLit' not found
Refreshing native plugins compatible for Editor in 2.92 ms, found 0 plugins.
Preloading 0 native plugins for Editor in 0.00 ms.
Unloading 52 Unused Serialized files (Serialized files now loaded: 0)
System memory in use before: 136.4 MB.
System memory in use after: 130.1 MB.

Unloading 176 unused Assets to reduce memory usage. Loaded Objects now: 5178.
Total: 6.011600 ms (FindLiveObjects: 0.549900 ms CreateObjectMapping: 0.280600 ms MarkObjects: 3.412800 ms  DeleteObjects: 1.766800 ms)

========================================================================
Received Import Request.
  Time since last request: 45.510680 seconds.
  path: Assets/New Material.mat
  artifactKey: Guid(633e0c366fccc4343bf1a6b712a8d832) Importer(815301076,1909f56bfc062723c751e8b465ee728b)
Start importing Assets/New Material.mat using Guid(633e0c366fccc4343bf1a6b712a8d832) Importer(815301076,1909f56bfc062723c751e8b465ee728b)  -> (artifact id: 'd409e663b25353269194332c2c96344f') in 0.218869 seconds
  Import took 0.227810 seconds .

========================================================================
Received Import Request.
  Time since last request: 0.000190 seconds.
  path: Assets/UniversalRenderPipelineAsset.asset
  artifactKey: Guid(6b7e71880ca13a449bcb9495b39d054e) Importer(815301076,1909f56bfc062723c751e8b465ee728b)
Start importing Assets/UniversalRenderPipelineAsset.asset using Guid(6b7e71880ca13a449bcb9495b39d054e) Importer(815301076,1909f56bfc062723c751e8b465ee728b)  -> (artifact id: '87d9600f560db1026844839c97582cc7') in 0.002991 seconds
  Import took 0.010229 seconds .

========================================================================
Received Import Request.
  Time since last request: 0.000193 seconds.
  path: Assets/UniversalRenderPipelineAsset_Renderer.asset
  artifactKey: Guid(e44b96c0bc1bbeb44ba072375875f240) Importer(815301076,1909f56bfc062723c751e8b465ee728b)
Start importing Assets/UniversalRenderPipelineAsset_Renderer.asset using Guid(e44b96c0bc1bbeb44ba072375875f240) Importer(815301076,1909f56bfc062723c751e8b465ee728b)  -> (artifact id: '875b937a181baecda044ccd0d4cafca0') in 0.004212 seconds
  Import took 0.012179 seconds .

========================================================================
Received Import Request.
  Time since last request: 59.616453 seconds.
  path: Assets/verk3/Other/416838__tonsil5__grunt2-death-pain.wav
  artifactKey: Guid(fc1e027422f00f749a5917d5edf25a5d) Importer(815301076,1909f56bfc062723c751e8b465ee728b)
Start importing Assets/verk3/Other/416838__tonsil5__grunt2-death-pain.wav using Guid(fc1e027422f00f749a5917d5edf25a5d) Importer(815301076,1909f56bfc062723c751e8b465ee728b)  -> (artifact id: 'da6e7595f99a53b5a9639bac2b44c752') in 0.819562 seconds
  Import took 0.827461 seconds .

========================================================================
Received Import Request.
  Time since last request: 0.000293 seconds.
  path: Assets/verk3/Other/508854__smoker858__laser-gun-sound.mp3
  artifactKey: Guid(db5d826ceb87b06449b2f73df77448d3) Importer(815301076,1909f56bfc062723c751e8b465ee728b)
Start importing Assets/verk3/Other/508854__smoker858__laser-gun-sound.mp3 using Guid(db5d826ceb87b06449b2f73df77448d3) Importer(815301076,1909f56bfc062723c751e8b465ee728b)  -> (artifact id: '62042ce480c449dfa03899505aad3bcf') in 0.010919 seconds
  Import took 0.017972 seconds .

========================================================================
Received Import Request.
  Time since last request: 0.508727 seconds.
  path: Assets/verk3/Other/New Shader Graph.shadergraph
  artifactKey: Guid(991ccb4d8b68dff438b5945cca9bbb39) Importer(815301076,1909f56bfc062723c751e8b465ee728b)
Start importing Assets/verk3/Other/New Shader Graph.shadergraph using Guid(991ccb4d8b68dff438b5945cca9bbb39) Importer(815301076,1909f56bfc062723c751e8b465ee728b)  -> (artifact id: '0880ecce4b6692606a792db505cda625') in 0.004839 seconds
  Import took 0.012633 seconds .

========================================================================
Received Import Request.
  Time since last request: 0.193676 seconds.
  path: Assets/verk3/Other/New Shader Graph.shadergraph
  artifactKey: Guid(991ccb4d8b68dff438b5945cca9bbb39) Importer(815301076,1909f56bfc062723c751e8b465ee728b)
Start importing Assets/verk3/Other/New Shader Graph.shadergraph using Guid(991ccb4d8b68dff438b5945cca9bbb39) Importer(815301076,1909f56bfc062723c751e8b465ee728b)  -> (artifact id: '0880ecce4b6692606a792db505cda625') in 0.003830 seconds
  Import took 0.011661 seconds .

========================================================================
Received Import Request.
  Time since last request: 11.026100 seconds.
  path: Assets/verk3/Other/New Shader Graph.shadergraph
  artifactKey: Guid(991ccb4d8b68dff438b5945cca9bbb39) Importer(815301076,1909f56bfc062723c751e8b465ee728b)
Start importing Assets/verk3/Other/New Shader Graph.shadergraph using Guid(991ccb4d8b68dff438b5945cca9bbb39) Importer(815301076,1909f56bfc062723c751e8b465ee728b)  -> (artifact id: '64379b5c3ce79b229024320f774aa7ab') in 0.004684 seconds
  Import took 0.012592 seconds .

========================================================================
Received Import Request.
  Time since last request: 17.184178 seconds.
  path: Assets/verk3/Other/New Material.mat
  artifactKey: Guid(4d03bf7ccbcb05c4ba3cd9014ca371ba) Importer(815301076,1909f56bfc062723c751e8b465ee728b)
Start importing Assets/verk3/Other/New Material.mat using Guid(4d03bf7ccbcb05c4ba3cd9014ca371ba) Importer(815301076,1909f56bfc062723c751e8b465ee728b)  -> (artifact id: '441b654f8dbd9d5ed8c4dc62a83b1b17') in 0.010192 seconds
  Import took 0.018075 seconds .

========================================================================
Received Import Request.
  Time since last request: 38.881260 seconds.
  path: Assets/verk3/Other/New Material 1.mat
  artifactKey: Guid(309ac2bd39bef8e42a0c638849fbf765) Importer(815301076,1909f56bfc062723c751e8b465ee728b)
Start importing Assets/verk3/Other/New Material 1.mat using Guid(309ac2bd39bef8e42a0c638849fbf765) Importer(815301076,1909f56bfc062723c751e8b465ee728b)  -> (artifact id: 'c6433aed65695d9b063d3588b9ab5230') in 0.009450 seconds
  Import took 0.018562 seconds .

========================================================================
Received Import Request.
  Time since last request: 21.024282 seconds.
  path: Assets/verk3/Prefabs/generic-enemy.prefab
  artifactKey: Guid(c7846085bbbd19c43a8bf7e7464b896e) Importer(815301076,1909f56bfc062723c751e8b465ee728b)
Start importing Assets/verk3/Prefabs/generic-enemy.prefab using Guid(c7846085bbbd19c43a8bf7e7464b896e) Importer(815301076,1909f56bfc062723c751e8b465ee728b)  -> (artifact id: '5cd4a011c32efde5abbeddf815ac230b') in 0.042731 seconds
  Import took 0.053672 seconds .

========================================================================
Received Import Request.
  Time since last request: 0.000634 seconds.
  path: Assets/verk3/Prefabs/coin.prefab
  artifactKey: Guid(56900bf42ba318f4c9a1d0e7d6a7fc8e) Importer(815301076,1909f56bfc062723c751e8b465ee728b)
Start importing Assets/verk3/Prefabs/coin.prefab using Guid(56900bf42ba318f4c9a1d0e7d6a7fc8e) Importer(815301076,1909f56bfc062723c751e8b465ee728b)  -> (artifact id: 'dae1b605c6750d0a0acf799c1c109d69') in 0.014424 seconds
  Import took 0.026486 seconds .

========================================================================
Received Import Request.
  Time since last request: 0.000270 seconds.
  path: Assets/verk3/Prefabs/Point Light.prefab
  artifactKey: Guid(9640fd5413d0f7944af870de25cc4d6a) Importer(815301076,1909f56bfc062723c751e8b465ee728b)
Start importing Assets/verk3/Prefabs/Point Light.prefab using Guid(9640fd5413d0f7944af870de25cc4d6a) Importer(815301076,1909f56bfc062723c751e8b465ee728b)  -> (artifact id: '6f424179c0fa54076079ee8e7b02108d') in 0.019987 seconds
  Import took 0.029108 seconds .

========================================================================
Received Import Request.
  Time since last request: 0.000360 seconds.
  path: Assets/verk3/Prefabs/lightningBolt.prefab
  artifactKey: Guid(7f71f73b4050af247b2af59ffc8ca82a) Importer(815301076,1909f56bfc062723c751e8b465ee728b)
Start importing Assets/verk3/Prefabs/lightningBolt.prefab using Guid(7f71f73b4050af247b2af59ffc8ca82a) Importer(815301076,1909f56bfc062723c751e8b465ee728b)  -> (artifact id: '39e4bb26eb0eae881f22dee10a0e976d') in 0.006232 seconds
  Import took 0.015882 seconds .

========================================================================
Received Import Request.
  Time since last request: 0.000175 seconds.
  path: Assets/verk3/Prefabs/initializer.prefab
  artifactKey: Guid(0dbd1756de8acef4c9618d6c5c41b7b8) Importer(815301076,1909f56bfc062723c751e8b465ee728b)
Start importing Assets/verk3/Prefabs/initializer.prefab using Guid(0dbd1756de8acef4c9618d6c5c41b7b8) Importer(815301076,1909f56bfc062723c751e8b465ee728b)  -> (artifact id: '29b48d037ab859106869ef8139a8e2e3') in 0.085786 seconds
  Import took 0.094518 seconds .

========================================================================
Received Import Request.
  Time since last request: 0.000233 seconds.
  path: Assets/verk3/Prefabs/game_over.prefab
  artifactKey: Guid(7baf7d679b290834d9df03cffcbe2ee5) Importer(815301076,1909f56bfc062723c751e8b465ee728b)
Start importing Assets/verk3/Prefabs/game_over.prefab using Guid(7baf7d679b290834d9df03cffcbe2ee5) Importer(815301076,1909f56bfc062723c751e8b465ee728b)  -> (artifact id: 'c067b209777d53df0b57bbbb624a5556') in 0.024232 seconds
  Import took 0.032849 seconds .

========================================================================
Received Import Request.
  Time since last request: 0.000237 seconds.
  path: Assets/verk3/Prefabs/resetter.prefab
  artifactKey: Guid(6fb88a19a017f7145a40c3fea2e1003a) Importer(815301076,1909f56bfc062723c751e8b465ee728b)
Start importing Assets/verk3/Prefabs/resetter.prefab using Guid(6fb88a19a017f7145a40c3fea2e1003a) Importer(815301076,1909f56bfc062723c751e8b465ee728b)  -> (artifact id: 'b0de5b115094ebd1f907708a09ddaf9b') in 0.008210 seconds
  Import took 0.017789 seconds .

========================================================================
Received Import Request.
  Time since last request: 0.000218 seconds.
  path: Assets/verk3/Prefabs/main menu.prefab
  artifactKey: Guid(ec8171b8d6ab7b24cac9c2a788fc799b) Importer(815301076,1909f56bfc062723c751e8b465ee728b)
Start importing Assets/verk3/Prefabs/main menu.prefab using Guid(ec8171b8d6ab7b24cac9c2a788fc799b) Importer(815301076,1909f56bfc062723c751e8b465ee728b)  -> (artifact id: 'c0c0bf5e3d7a1a6a5d54e0e98a81cf1c') in 0.007033 seconds
  Import took 0.015126 seconds .

========================================================================
Received Import Request.
  Time since last request: 0.000193 seconds.
  path: Assets/verk3/Prefabs/initializer.prefab
  artifactKey: Guid(0dbd1756de8acef4c9618d6c5c41b7b8) Importer(815301076,1909f56bfc062723c751e8b465ee728b)
Start importing Assets/verk3/Prefabs/initializer.prefab using Guid(0dbd1756de8acef4c9618d6c5c41b7b8) Importer(815301076,1909f56bfc062723c751e8b465ee728b)  -> (artifact id: '29b48d037ab859106869ef8139a8e2e3') in 0.007397 seconds
  Import took 0.015810 seconds .

========================================================================
Received Import Request.
  Time since last request: 24.014137 seconds.
  path: Assets/verk3/Prefabs/generic-enemy.prefab
  artifactKey: Guid(c7846085bbbd19c43a8bf7e7464b896e) Importer(815301076,1909f56bfc062723c751e8b465ee728b)
Start importing Assets/verk3/Prefabs/generic-enemy.prefab using Guid(c7846085bbbd19c43a8bf7e7464b896e) Importer(815301076,1909f56bfc062723c751e8b465ee728b)  -> (artifact id: 'bd78ced66f9a257446adfcf917182078') in 0.010559 seconds
  Import took 0.019860 seconds .

========================================================================
Received Import Request.
  Time since last request: 0.024810 seconds.
  path: Assets/verk3/Prefabs/generic-enemy.prefab
  artifactKey: Guid(c7846085bbbd19c43a8bf7e7464b896e) Importer(815301076,1909f56bfc062723c751e8b465ee728b)
Start importing Assets/verk3/Prefabs/generic-enemy.prefab using Guid(c7846085bbbd19c43a8bf7e7464b896e) Importer(815301076,1909f56bfc062723c751e8b465ee728b)  -> (artifact id: 'bd78ced66f9a257446adfcf917182078') in 0.012106 seconds
  Import took 0.020343 seconds .

========================================================================
Received Import Request.
  Time since last request: 9.305490 seconds.
  path: Assets/verk3/Other/New Material 1.mat
  artifactKey: Guid(309ac2bd39bef8e42a0c638849fbf765) Importer(815301076,1909f56bfc062723c751e8b465ee728b)
Start importing Assets/verk3/Other/New Material 1.mat using Guid(309ac2bd39bef8e42a0c638849fbf765) Importer(815301076,1909f56bfc062723c751e8b465ee728b)  -> (artifact id: 'a29fcdec5e3218f5e6c5c5936e13eccb') in 0.019014 seconds
  Import took 0.027459 seconds .

========================================================================
Received Import Request.
  Time since last request: 0.000230 seconds.
  path: Assets/verk3/Other/New Material 2.mat
  artifactKey: Guid(4d5bd2ed0dcfbcb4abf45767f1435dcb) Importer(815301076,1909f56bfc062723c751e8b465ee728b)
Start importing Assets/verk3/Other/New Material 2.mat using Guid(4d5bd2ed0dcfbcb4abf45767f1435dcb) Importer(815301076,1909f56bfc062723c751e8b465ee728b)  -> (artifact id: '2b8bbb36c658e6a45e2a692bac144cae') in 0.010435 seconds
  Import took 0.017594 seconds .

========================================================================
Received Import Request.
  Time since last request: 26.044718 seconds.
  path: Assets/verk3/Scenes/init.unity
  artifactKey: Guid(211126ecf1f0be84ba045de868fe56c8) Importer(815301076,1909f56bfc062723c751e8b465ee728b)
Start importing Assets/verk3/Scenes/init.unity using Guid(211126ecf1f0be84ba045de868fe56c8) Importer(815301076,1909f56bfc062723c751e8b465ee728b)  -> (artifact id: '6dc61a61d3f44056ab9460bb83444f35') in 0.003744 seconds
  Import took 0.012672 seconds .

========================================================================
Received Import Request.
  Time since last request: 29.915532 seconds.
  path: Assets/New Material.mat
  artifactKey: Guid(633e0c366fccc4343bf1a6b712a8d832) Importer(815301076,1909f56bfc062723c751e8b465ee728b)
Start importing Assets/New Material.mat using Guid(633e0c366fccc4343bf1a6b712a8d832) Importer(815301076,1909f56bfc062723c751e8b465ee728b)  -> (artifact id: '96780e0e05ba1550c3d82d38fee57290') in 0.025764 seconds
  Import took 0.036850 seconds .

========================================================================
Received Import Request.
  Time since last request: 0.034015 seconds.
  path: Assets/UniversalRenderPipelineAsset.asset
  artifactKey: Guid(6b7e71880ca13a449bcb9495b39d054e) Importer(815301076,1909f56bfc062723c751e8b465ee728b)
Start importing Assets/UniversalRenderPipelineAsset.asset using Guid(6b7e71880ca13a449bcb9495b39d054e) Importer(815301076,1909f56bfc062723c751e8b465ee728b)  -> (artifact id: 'd3830c7affd14a2339a8cee2af63a77c') in 0.003753 seconds
  Import took 0.012652 seconds .

========================================================================
Received Import Request.
  Time since last request: 3.316098 seconds.
  path: Assets/verk3/Other/New Material 2.mat
  artifactKey: Guid(4d5bd2ed0dcfbcb4abf45767f1435dcb) Importer(815301076,1909f56bfc062723c751e8b465ee728b)
Start importing Assets/verk3/Other/New Material 2.mat using Guid(4d5bd2ed0dcfbcb4abf45767f1435dcb) Importer(815301076,1909f56bfc062723c751e8b465ee728b)  -> (artifact id: '75bab83cc88e34725c32dc5d46d756a6') in 0.012337 seconds
  Import took 0.024564 seconds .

========================================================================
Received Prepare
Registering precompiled user dll's ...
Registered in 0.001682 seconds.
Begin MonoManager ReloadAssembly
Native extension for WindowsStandalone target not found
Native extension for WebGL target not found
Refreshing native plugins compatible for Editor in 0.98 ms, found 0 plugins.
Preloading 0 native plugins for Editor in 0.00 ms.
Mono: successfully reloaded assembly
- Completed reload, in  1.745 seconds
Platform modules already initialized, skipping
Shader 'Universal Render Pipeline/Particles/Lit': fallback shader 'Universal Render Pipeline/Particles/SimpleLit' not found
Refreshing native plugins compatible for Editor in 0.99 ms, found 0 plugins.
Preloading 0 native plugins for Editor in 0.00 ms.
Unloading 4475 Unused Serialized files (Serialized files now loaded: 0)
System memory in use before: 208.9 MB.
System memory in use after: 208.8 MB.

Unloading 7 unused Assets to reduce memory usage. Loaded Objects now: 5346.
Total: 3.530200 ms (FindLiveObjects: 0.459800 ms CreateObjectMapping: 0.254300 ms MarkObjects: 2.518200 ms  DeleteObjects: 0.297200 ms)

========================================================================
Received Import Request.
  Time since last request: 16.942464 seconds.
  path: Assets/verk3/Other/New Shader Graph.shadergraph
  artifactKey: Guid(991ccb4d8b68dff438b5945cca9bbb39) Importer(815301076,1909f56bfc062723c751e8b465ee728b)
Start importing Assets/verk3/Other/New Shader Graph.shadergraph using Guid(991ccb4d8b68dff438b5945cca9bbb39) Importer(815301076,1909f56bfc062723c751e8b465ee728b)  -> (artifact id: 'e76480765d96b2583ca5f87d25f743e9') in 0.035876 seconds
  Import took 0.044117 seconds .

========================================================================
Received Import Request.
  Time since last request: 32.005125 seconds.
  path: Assets/verk3/Scenes/levels/world.unity
  artifactKey: Guid(f33883a8e9454d943b678134007c81b8) Importer(815301076,1909f56bfc062723c751e8b465ee728b)
Start importing Assets/verk3/Scenes/levels/world.unity using Guid(f33883a8e9454d943b678134007c81b8) Importer(815301076,1909f56bfc062723c751e8b465ee728b)  -> (artifact id: 'e6a6b9acf7f8edab6649978f32430413') in 0.003779 seconds
  Import took 0.014924 seconds .

========================================================================
Received Prepare
Registering precompiled user dll's ...
Registered in 0.001561 seconds.
Begin MonoManager ReloadAssembly
Native extension for WindowsStandalone target not found
Native extension for WebGL target not found
Refreshing native plugins compatible for Editor in 0.83 ms, found 0 plugins.
Preloading 0 native plugins for Editor in 0.00 ms.
Mono: successfully reloaded assembly
- Completed reload, in  1.409 seconds
Platform modules already initialized, skipping
Shader 'Universal Render Pipeline/Particles/Lit': fallback shader 'Universal Render Pipeline/Particles/SimpleLit' not found
Refreshing native plugins compatible for Editor in 1.06 ms, found 0 plugins.
Preloading 0 native plugins for Editor in 0.00 ms.
Unloading 4473 Unused Serialized files (Serialized files now loaded: 0)
System memory in use before: 208.9 MB.
System memory in use after: 208.9 MB.

Unloading 6 unused Assets to reduce memory usage. Loaded Objects now: 5349.
Total: 6.063000 ms (FindLiveObjects: 1.598100 ms CreateObjectMapping: 0.672000 ms MarkObjects: 2.964800 ms  DeleteObjects: 0.825300 ms)

========================================================================
Received Prepare
Shader 'Universal Render Pipeline/Particles/Lit': fallback shader 'Universal Render Pipeline/Particles/SimpleLit' not found
Refreshing native plugins compatible for Editor in 2.25 ms, found 0 plugins.
Preloading 0 native plugins for Editor in 0.00 ms.
Unloading 4 Unused Serialized files (Serialized files now loaded: 0)
System memory in use before: 120.8 MB.
System memory in use after: 120.8 MB.

Unloading 4 unused Assets to reduce memory usage. Loaded Objects now: 5349.
Total: 4.478100 ms (FindLiveObjects: 0.672000 ms CreateObjectMapping: 0.410100 ms MarkObjects: 3.082300 ms  DeleteObjects: 0.312300 ms)

========================================================================
Received Import Request.
  Time since last request: 2094.183311 seconds.
  path: Assets/verk3/Materials/lightning.mat
  artifactKey: Guid(db81dc08ef845484c95f04599fe96437) Importer(815301076,1909f56bfc062723c751e8b465ee728b)
Start importing Assets/verk3/Materials/lightning.mat using Guid(db81dc08ef845484c95f04599fe96437) Importer(815301076,1909f56bfc062723c751e8b465ee728b)  -> (artifact id: '4af195101dfc0495679be8d1aacc601f') in 4.580988 seconds
  Import took 7.868237 seconds .

========================================================================
Received Import Request.
  Time since last request: 0.001700 seconds.
  path: Assets/verk3/Materials/New Material.mat
  artifactKey: Guid(783276f2b472f90448cc1b1c2de6b347) Importer(815301076,1909f56bfc062723c751e8b465ee728b)
Start importing Assets/verk3/Materials/New Material.mat using Guid(783276f2b472f90448cc1b1c2de6b347) Importer(815301076,1909f56bfc062723c751e8b465ee728b)  -> (artifact id: 'b22830c563ac201c07bf94792b2a6ef3') in 0.360752 seconds
  Import took 0.368868 seconds .

========================================================================
Received Import Request.
  Time since last request: 0.000318 seconds.
  path: Assets/verk3/Materials/water.mat
  artifactKey: Guid(e06256c165b499e49bcd40cc53e124e0) Importer(815301076,1909f56bfc062723c751e8b465ee728b)
Start importing Assets/verk3/Materials/water.mat using Guid(e06256c165b499e49bcd40cc53e124e0) Importer(815301076,1909f56bfc062723c751e8b465ee728b)  -> (artifact id: '6ee429d17ba05e5c7c11a20712b17563') in 0.365506 seconds
  Import took 0.382275 seconds .

========================================================================
Received Import Request.
  Time since last request: 0.000912 seconds.
  path: Assets/verk3/Materials/New Material 2.mat
  artifactKey: Guid(65dcdb3f006d58b468e56c3183aa2dfd) Importer(815301076,1909f56bfc062723c751e8b465ee728b)
Start importing Assets/verk3/Materials/New Material 2.mat using Guid(65dcdb3f006d58b468e56c3183aa2dfd) Importer(815301076,1909f56bfc062723c751e8b465ee728b)  -> (artifact id: '18c5cb1a746b56476a9a05821741403f') in 0.046627 seconds
  Import took 0.078360 seconds .

========================================================================
Received Import Request.
  Time since last request: 0.000686 seconds.
  path: Assets/verk3/Materials/New Material 1.mat
  artifactKey: Guid(c76104d5866b28340986f96be5945cdd) Importer(815301076,1909f56bfc062723c751e8b465ee728b)
Start importing Assets/verk3/Materials/New Material 1.mat using Guid(c76104d5866b28340986f96be5945cdd) Importer(815301076,1909f56bfc062723c751e8b465ee728b)  -> (artifact id: '5ba72dec2349123e0f2af4c8296ee16c') in 0.028940 seconds
  Import took 0.036143 seconds .

========================================================================
Received Prepare
Shader 'Universal Render Pipeline/Particles/Lit': fallback shader 'Universal Render Pipeline/Particles/SimpleLit' not found
Refreshing native plugins compatible for Editor in 1.53 ms, found 0 plugins.
Preloading 0 native plugins for Editor in 0.00 ms.
Unloading 4 Unused Serialized files (Serialized files now loaded: 0)
System memory in use before: 121.3 MB.
System memory in use after: 121.5 MB.

Unloading 4 unused Assets to reduce memory usage. Loaded Objects now: 5496.
Total: 9.854400 ms (FindLiveObjects: 0.555900 ms CreateObjectMapping: 0.299400 ms MarkObjects: 8.578600 ms  DeleteObjects: 0.418700 ms)

