Using pre-set license
Built from '2020.3/staging' branch; Version is '2020.3.5f1 (8095aa901b9b) revision 8426922'; Using compiler version '192528614'; Build Type 'Release'
OS: 'Windows 10 Home; OS build 19042.985; Version 2009; 64bit' Language: 'en' Physical Memory: 16318 MB
BatchMode: 1, IsHumanControllingUs: 0, StartBugReporterOnCrash: 0, Is64bit: 1, IsPro: 0

 COMMAND LINE ARGUMENTS:
C:\Program Files\Unity\Hub\Editor\2020.3.5f1\Editor\Unity.exe
-adb2
-batchMode
-noUpm
-name
AssetImportWorker1
-projectPath
K:/FORR2GL-21V
-logFile
Logs/AssetImportWorker1.log
-srvPort
50026
Successfully changed project path to: K:/FORR2GL-21V
K:/FORR2GL-21V
Using Asset Import Pipeline V2.
Refreshing native plugins compatible for Editor in 99.15 ms, found 0 plugins.
Preloading 0 native plugins for Editor in 0.00 ms.
Initialize engine version: 2020.3.5f1 (8095aa901b9b)
[Subsystems] Discovering subsystems at path C:/Program Files/Unity/Hub/Editor/2020.3.5f1/Editor/Data/Resources/UnitySubsystems
[Subsystems] Discovering subsystems at path K:/FORR2GL-21V/Assets
GfxDevice: creating device client; threaded=0
Direct3D:
    Version:  Direct3D 11.0 [level 11.1]
    Renderer: NVIDIA GeForce GTX 1070 Ti (ID=0x1b82)
    Vendor:   
    VRAM:     8079 MB
    Driver:   27.21.14.6611
Shader 'Universal Render Pipeline/Particles/Lit': fallback shader 'Universal Render Pipeline/Particles/SimpleLit' not found
Initialize mono
Mono path[0] = 'C:/Program Files/Unity/Hub/Editor/2020.3.5f1/Editor/Data/Managed'
Mono path[1] = 'C:/Program Files/Unity/Hub/Editor/2020.3.5f1/Editor/Data/MonoBleedingEdge/lib/mono/unityjit'
Mono config path = 'C:/Program Files/Unity/Hub/Editor/2020.3.5f1/Editor/Data/MonoBleedingEdge/etc'
Using monoOptions --debugger-agent=transport=dt_socket,embedding=1,server=y,suspend=n,address=127.0.0.1:56380
Begin MonoManager ReloadAssembly
Registering precompiled unity dll's ...
Register platform support module: C:/Program Files/Unity/Hub/Editor/2020.3.5f1/Editor/Data/PlaybackEngines/WebGLSupport/UnityEditor.WebGL.Extensions.dll
Register platform support module: C:/Program Files/Unity/Hub/Editor/2020.3.5f1/Editor/Data/PlaybackEngines/WindowsStandaloneSupport/UnityEditor.WindowsStandalone.Extensions.dll
Registered in 0.002552 seconds.
Native extension for WindowsStandalone target not found
Native extension for WebGL target not found
Refreshing native plugins compatible for Editor in 101.32 ms, found 0 plugins.
Preloading 0 native plugins for Editor in 0.00 ms.
Mono: successfully reloaded assembly
- Completed reload, in  1.249 seconds
Platform modules already initialized, skipping
Registering precompiled user dll's ...
Registered in 0.001566 seconds.
Begin MonoManager ReloadAssembly
Native extension for WindowsStandalone target not found
Native extension for WebGL target not found
Refreshing native plugins compatible for Editor in 125.22 ms, found 0 plugins.
Preloading 0 native plugins for Editor in 0.00 ms.
Mono: successfully reloaded assembly
- Completed reload, in  1.393 seconds
Platform modules already initialized, skipping
========================================================================
Worker process is ready to serve import requests
Shader 'Universal Render Pipeline/Particles/Lit': fallback shader 'Universal Render Pipeline/Particles/SimpleLit' not found
Launched and connected shader compiler UnityShaderCompiler.exe after 0.06 seconds
Refreshing native plugins compatible for Editor in 0.78 ms, found 0 plugins.
Preloading 0 native plugins for Editor in 0.00 ms.
Unloading 4854 Unused Serialized files (Serialized files now loaded: 0)
System memory in use before: 219.0 MB.
System memory in use after: 218.9 MB.

Unloading 18 unused Assets to reduce memory usage. Loaded Objects now: 5321.
Total: 3.749500 ms (FindLiveObjects: 0.437000 ms CreateObjectMapping: 0.249000 ms MarkObjects: 2.758400 ms  DeleteObjects: 0.303600 ms)

========================================================================
Received Import Request.
  path: Assets/verk4/Scripts/EnemyController.cs
  artifactKey: Guid(0484382f0746e274699d7cd78d9fdbac) Importer(815301076,1909f56bfc062723c751e8b465ee728b)
Start importing Assets/verk4/Scripts/EnemyController.cs using Guid(0484382f0746e274699d7cd78d9fdbac) Importer(815301076,1909f56bfc062723c751e8b465ee728b)  -> (artifact id: '7f1f806ad5b3ec01b1f53e8fd7afbe77') in 0.026501 seconds
  Import took 0.099653 seconds .

========================================================================
Received Import Request.
  Time since last request: 18.418836 seconds.
  path: Assets/verk4/Prefabs/dialogue box.prefab
  artifactKey: Guid(74a254475e1b5c14d85ee5eba67463ad) Importer(815301076,1909f56bfc062723c751e8b465ee728b)
Start importing Assets/verk4/Prefabs/dialogue box.prefab using Guid(74a254475e1b5c14d85ee5eba67463ad) Importer(815301076,1909f56bfc062723c751e8b465ee728b)  -> (artifact id: 'f5c8bd617ae0a78421d0d01be0cd4c30') in 0.125615 seconds
  Import took 0.179246 seconds .

========================================================================
Received Import Request.
  Time since last request: 26.291308 seconds.
  path: Assets/verk4/Prefabs/dialogue box.prefab
  artifactKey: Guid(74a254475e1b5c14d85ee5eba67463ad) Importer(815301076,1909f56bfc062723c751e8b465ee728b)
Start importing Assets/verk4/Prefabs/dialogue box.prefab using Guid(74a254475e1b5c14d85ee5eba67463ad) Importer(815301076,1909f56bfc062723c751e8b465ee728b)  -> (artifact id: '9c9e806f30712b90864ec324fa97623f') in 0.060026 seconds
  Import took 0.081241 seconds .

========================================================================
Received Prepare
Registering precompiled user dll's ...
Registered in 0.001724 seconds.
Begin MonoManager ReloadAssembly
Native extension for WindowsStandalone target not found
Native extension for WebGL target not found
Refreshing native plugins compatible for Editor in 0.93 ms, found 0 plugins.
Preloading 0 native plugins for Editor in 0.00 ms.
Mono: successfully reloaded assembly
- Completed reload, in  1.154 seconds
Platform modules already initialized, skipping
Shader 'Universal Render Pipeline/Particles/Lit': fallback shader 'Universal Render Pipeline/Particles/SimpleLit' not found
Refreshing native plugins compatible for Editor in 1.08 ms, found 0 plugins.
Preloading 0 native plugins for Editor in 0.00 ms.
Unloading 4624 Unused Serialized files (Serialized files now loaded: 0)
System memory in use before: 200.5 MB.
System memory in use after: 200.5 MB.

Unloading 7 unused Assets to reduce memory usage. Loaded Objects now: 5324.
Total: 3.473000 ms (FindLiveObjects: 0.483900 ms CreateObjectMapping: 0.287400 ms MarkObjects: 2.441100 ms  DeleteObjects: 0.259600 ms)

========================================================================
Received Prepare
Registering precompiled user dll's ...
Registered in 0.001509 seconds.
Begin MonoManager ReloadAssembly
Native extension for WindowsStandalone target not found
Native extension for WebGL target not found
Refreshing native plugins compatible for Editor in 0.82 ms, found 0 plugins.
Preloading 0 native plugins for Editor in 0.00 ms.
Mono: successfully reloaded assembly
- Completed reload, in  1.149 seconds
Platform modules already initialized, skipping
Shader 'Universal Render Pipeline/Particles/Lit': fallback shader 'Universal Render Pipeline/Particles/SimpleLit' not found
Refreshing native plugins compatible for Editor in 0.82 ms, found 0 plugins.
Preloading 0 native plugins for Editor in 0.00 ms.
Unloading 4624 Unused Serialized files (Serialized files now loaded: 0)
System memory in use before: 200.6 MB.
System memory in use after: 200.6 MB.

Unloading 7 unused Assets to reduce memory usage. Loaded Objects now: 5327.
Total: 3.244100 ms (FindLiveObjects: 0.381800 ms CreateObjectMapping: 0.217500 ms MarkObjects: 2.371400 ms  DeleteObjects: 0.272300 ms)

========================================================================
Received Import Request.
  Time since last request: 88.168153 seconds.
  path: Assets/verk4/Prefabs/dialogue box.prefab
  artifactKey: Guid(74a254475e1b5c14d85ee5eba67463ad) Importer(815301076,1909f56bfc062723c751e8b465ee728b)
Start importing Assets/verk4/Prefabs/dialogue box.prefab using Guid(74a254475e1b5c14d85ee5eba67463ad) Importer(815301076,1909f56bfc062723c751e8b465ee728b)  -> (artifact id: '5d29d4dcf180b277823e5c103266c2db') in 0.111908 seconds
  Import took 0.860777 seconds .

========================================================================
Received Prepare
Registering precompiled user dll's ...
Registered in 0.001514 seconds.
Begin MonoManager ReloadAssembly
Native extension for WindowsStandalone target not found
Native extension for WebGL target not found
Refreshing native plugins compatible for Editor in 1.26 ms, found 0 plugins.
Preloading 0 native plugins for Editor in 0.00 ms.
Mono: successfully reloaded assembly
- Completed reload, in  1.304 seconds
Platform modules already initialized, skipping
Shader 'Universal Render Pipeline/Particles/Lit': fallback shader 'Universal Render Pipeline/Particles/SimpleLit' not found
Refreshing native plugins compatible for Editor in 1.33 ms, found 0 plugins.
Preloading 0 native plugins for Editor in 0.00 ms.
Unloading 4624 Unused Serialized files (Serialized files now loaded: 0)
System memory in use before: 200.7 MB.
System memory in use after: 200.6 MB.

Unloading 7 unused Assets to reduce memory usage. Loaded Objects now: 5330.
Total: 3.710500 ms (FindLiveObjects: 0.498100 ms CreateObjectMapping: 0.399900 ms MarkObjects: 2.449100 ms  DeleteObjects: 0.362100 ms)

========================================================================
Received Prepare
Registering precompiled user dll's ...
Registered in 0.001455 seconds.
Begin MonoManager ReloadAssembly
Native extension for WindowsStandalone target not found
Native extension for WebGL target not found
Refreshing native plugins compatible for Editor in 0.94 ms, found 0 plugins.
Preloading 0 native plugins for Editor in 0.00 ms.
Mono: successfully reloaded assembly
- Completed reload, in  1.438 seconds
Platform modules already initialized, skipping
Shader 'Universal Render Pipeline/Particles/Lit': fallback shader 'Universal Render Pipeline/Particles/SimpleLit' not found
Refreshing native plugins compatible for Editor in 0.85 ms, found 0 plugins.
Preloading 0 native plugins for Editor in 0.00 ms.
Unloading 4624 Unused Serialized files (Serialized files now loaded: 0)
System memory in use before: 200.7 MB.
System memory in use after: 200.6 MB.

Unloading 7 unused Assets to reduce memory usage. Loaded Objects now: 5333.
Total: 3.770500 ms (FindLiveObjects: 0.544500 ms CreateObjectMapping: 0.364200 ms MarkObjects: 2.538900 ms  DeleteObjects: 0.321300 ms)

========================================================================
Received Import Request.
  Time since last request: 62.959002 seconds.
  path: Assets/verk4/Prefabs/dialogue box.prefab
  artifactKey: Guid(74a254475e1b5c14d85ee5eba67463ad) Importer(815301076,1909f56bfc062723c751e8b465ee728b)
Start importing Assets/verk4/Prefabs/dialogue box.prefab using Guid(74a254475e1b5c14d85ee5eba67463ad) Importer(815301076,1909f56bfc062723c751e8b465ee728b)  -> (artifact id: 'e1f5c1fb26ac543993ec870448e2ca8a') in 0.111159 seconds
  Import took 0.166157 seconds .

========================================================================
Received Prepare
Registering precompiled user dll's ...
Registered in 0.001434 seconds.
Begin MonoManager ReloadAssembly
Native extension for WindowsStandalone target not found
Native extension for WebGL target not found
Refreshing native plugins compatible for Editor in 0.84 ms, found 0 plugins.
Preloading 0 native plugins for Editor in 0.00 ms.
Mono: successfully reloaded assembly
- Completed reload, in  1.161 seconds
Platform modules already initialized, skipping
Shader 'Universal Render Pipeline/Particles/Lit': fallback shader 'Universal Render Pipeline/Particles/SimpleLit' not found
Refreshing native plugins compatible for Editor in 0.79 ms, found 0 plugins.
Preloading 0 native plugins for Editor in 0.00 ms.
Unloading 4624 Unused Serialized files (Serialized files now loaded: 0)
System memory in use before: 200.5 MB.
System memory in use after: 200.5 MB.

Unloading 7 unused Assets to reduce memory usage. Loaded Objects now: 5336.
Total: 3.500700 ms (FindLiveObjects: 0.599400 ms CreateObjectMapping: 0.346200 ms MarkObjects: 2.249900 ms  DeleteObjects: 0.303800 ms)

========================================================================
Received Import Request.
  Time since last request: 59.964677 seconds.
  path: Assets/verk4/Prefabs/dialogue box.prefab
  artifactKey: Guid(74a254475e1b5c14d85ee5eba67463ad) Importer(815301076,1909f56bfc062723c751e8b465ee728b)
Start importing Assets/verk4/Prefabs/dialogue box.prefab using Guid(74a254475e1b5c14d85ee5eba67463ad) Importer(815301076,1909f56bfc062723c751e8b465ee728b)  -> (artifact id: '51eb9e779f8924d9402cb1607ca09ea0') in 0.109189 seconds
  Import took 0.151641 seconds .

========================================================================
Received Import Request.
  Time since last request: 0.018396 seconds.
  path: Assets/verk4/Prefabs/dialogue box.prefab
  artifactKey: Guid(74a254475e1b5c14d85ee5eba67463ad) Importer(815301076,1909f56bfc062723c751e8b465ee728b)
Start importing Assets/verk4/Prefabs/dialogue box.prefab using Guid(74a254475e1b5c14d85ee5eba67463ad) Importer(815301076,1909f56bfc062723c751e8b465ee728b)  -> (artifact id: '51eb9e779f8924d9402cb1607ca09ea0') in 0.058026 seconds
  Import took 0.065645 seconds .

========================================================================
Received Prepare
Registering precompiled user dll's ...
Registered in 0.001484 seconds.
Begin MonoManager ReloadAssembly
Native extension for WindowsStandalone target not found
Native extension for WebGL target not found
Refreshing native plugins compatible for Editor in 1.16 ms, found 0 plugins.
Preloading 0 native plugins for Editor in 0.00 ms.
Mono: successfully reloaded assembly
- Completed reload, in  1.194 seconds
Platform modules already initialized, skipping
Shader 'Universal Render Pipeline/Particles/Lit': fallback shader 'Universal Render Pipeline/Particles/SimpleLit' not found
Refreshing native plugins compatible for Editor in 0.79 ms, found 0 plugins.
Preloading 0 native plugins for Editor in 0.00 ms.
Unloading 4624 Unused Serialized files (Serialized files now loaded: 0)
System memory in use before: 200.5 MB.
System memory in use after: 200.5 MB.

Unloading 7 unused Assets to reduce memory usage. Loaded Objects now: 5339.
Total: 4.171200 ms (FindLiveObjects: 0.779700 ms CreateObjectMapping: 0.419300 ms MarkObjects: 2.660600 ms  DeleteObjects: 0.309300 ms)

========================================================================
Received Prepare
Registering precompiled user dll's ...
Registered in 0.001742 seconds.
Begin MonoManager ReloadAssembly
Native extension for WindowsStandalone target not found
Native extension for WebGL target not found
Refreshing native plugins compatible for Editor in 0.91 ms, found 0 plugins.
Preloading 0 native plugins for Editor in 0.00 ms.
Mono: successfully reloaded assembly
- Completed reload, in  1.196 seconds
Platform modules already initialized, skipping
Shader 'Universal Render Pipeline/Particles/Lit': fallback shader 'Universal Render Pipeline/Particles/SimpleLit' not found
Refreshing native plugins compatible for Editor in 0.90 ms, found 0 plugins.
Preloading 0 native plugins for Editor in 0.00 ms.
Unloading 4624 Unused Serialized files (Serialized files now loaded: 0)
System memory in use before: 200.5 MB.
System memory in use after: 200.5 MB.

Unloading 7 unused Assets to reduce memory usage. Loaded Objects now: 5342.
Total: 3.798700 ms (FindLiveObjects: 0.577400 ms CreateObjectMapping: 0.336800 ms MarkObjects: 2.565000 ms  DeleteObjects: 0.317900 ms)

========================================================================
Received Prepare
Registering precompiled user dll's ...
Registered in 0.001773 seconds.
Begin MonoManager ReloadAssembly
Native extension for WindowsStandalone target not found
Native extension for WebGL target not found
Refreshing native plugins compatible for Editor in 1.43 ms, found 0 plugins.
Preloading 0 native plugins for Editor in 0.00 ms.
Mono: successfully reloaded assembly
- Completed reload, in  1.668 seconds
Platform modules already initialized, skipping
Shader 'Universal Render Pipeline/Particles/Lit': fallback shader 'Universal Render Pipeline/Particles/SimpleLit' not found
Refreshing native plugins compatible for Editor in 0.91 ms, found 0 plugins.
Preloading 0 native plugins for Editor in 0.00 ms.
Unloading 4624 Unused Serialized files (Serialized files now loaded: 0)
System memory in use before: 200.7 MB.
System memory in use after: 200.7 MB.

Unloading 7 unused Assets to reduce memory usage. Loaded Objects now: 5345.
Total: 7.305500 ms (FindLiveObjects: 3.050200 ms CreateObjectMapping: 0.460900 ms MarkObjects: 3.298600 ms  DeleteObjects: 0.492300 ms)

